#
# There is insufficient memory for the Java Runtime Environment to continue.
# Native memory allocation (malloc) failed to allocate 1048576 bytes. Error detail: AllocateHeap
# Possible reasons:
#   The system is out of physical RAM or swap space
#   This process is running with CompressedOops enabled, and the Java Heap may be blocking the growth of the native heap
# Possible solutions:
#   Reduce memory load on the system
#   Increase physical memory or swap space
#   Check if swap backing store is full
#   Decrease Java heap size (-Xmx/-Xms)
#   Decrease number of Java threads
#   Decrease Java thread stack sizes (-Xss)
#   Set larger code cache with -XX:ReservedCodeCacheSize=
#   JVM is running with Unscaled Compressed Oops mode in which the Java heap is
#     placed in the first 4GB address space. The Java Heap base address is the
#     maximum limit for the native heap growth. Please use -XX:HeapBaseMinAddress
#     to set the Java Heap base and to place the Java Heap above 4GB virtual address.
# This output file may be truncated or incomplete.
#
#  Out of Memory Error (allocation.cpp:44), pid=24528, tid=15124
#
# JRE version: OpenJDK Runtime Environment Temurin-21.0.8+9 (21.0.8+9) (build 21.0.8+9-LTS)
# Java VM: OpenJDK 64-Bit Server VM Temurin-21.0.8+9 (21.0.8+9-LTS, mixed mode, sharing, tiered, compressed oops, compressed class ptrs, parallel gc, windows-amd64)
# No core dump will be written. Minidumps are not enabled by default on client versions of Windows
#

---------------  S U M M A R Y ------------

Command Line: --add-modules=ALL-SYSTEM --add-opens=java.base/java.util=ALL-UNNAMED --add-opens=java.base/java.lang=ALL-UNNAMED --add-opens=java.base/sun.nio.fs=ALL-UNNAMED -Declipse.application=org.eclipse.jdt.ls.core.id1 -Dosgi.bundles.defaultStartLevel=4 -Declipse.product=org.eclipse.jdt.ls.core.product -Djava.import.generatesMetadataFilesAtProjectRoot=false -DDetectVMInstallationsJob.disabled=true -Dfile.encoding=utf8 -XX:+UseParallelGC -XX:GCTimeRatio=4 -XX:AdaptiveSizePolicyWeight=90 -Dsun.zip.disableMemoryMapping=true -Xmx2G -Xms100m -Xlog:disable -javaagent:c:\Users\Vanya\.cursor\extensions\redhat.java-1.46.0-win32-x64\lombok\lombok-1.18.39-4050.jar -XX:+HeapDumpOnOutOfMemoryError -XX:HeapDumpPath=c:\Users\Vanya\AppData\Roaming\Cursor\User\workspaceStorage\84a42d4ce4bd5e43b4269eb41a4320e0\redhat.java -Daether.dependencyCollector.impl=bf c:\Users\Vanya\.cursor\extensions\redhat.java-1.46.0-win32-x64\server\plugins\org.eclipse.equinox.launcher_1.7.0.v20250519-0528.jar -configuration c:\Users\Vanya\AppData\Roaming\Cursor\User\globalStorage\redhat.java\1.46.0\config_win -data c:\Users\Vanya\AppData\Roaming\Cursor\User\workspaceStorage\84a42d4ce4bd5e43b4269eb41a4320e0\redhat.java\jdt_ws --pipe=\\.\pipe\lsp-aed6037a529e586952ab4cfe2781b90a-sock

Host: 12th Gen Intel(R) Core(TM) i3-12100F, 8 cores, 15G,  Windows 10 , 64 bit Build 19041 (10.0.19041.5915)
Time: Thu Oct 30 15:59:52 2025 elapsed time: 25891.716314 seconds (0d 7h 11m 31s)

---------------  T H R E A D  ---------------

Current thread (0x000001b3e54aaa50):  JavaThread "Attach Listener" daemon [_thread_in_vm, id=15124, stack(0x0000003e01600000,0x0000003e01700000) (1024K)]

Stack: [0x0000003e01600000,0x0000003e01700000]
Native frames: (J=compiled Java code, j=interpreted, Vv=VM code, C=native code)
V  [jvm.dll+0x6d2449]
V  [jvm.dll+0x8ae341]
V  [jvm.dll+0x8b08be]
V  [jvm.dll+0x8b0fa3]
V  [jvm.dll+0x280c96]
V  [jvm.dll+0xc0347]
V  [jvm.dll+0x6d2cf9]
V  [jvm.dll+0x131116]
V  [jvm.dll+0x3f2d16]
V  [jvm.dll+0x857e6b]
V  [jvm.dll+0x6d0b0d]
C  [ucrtbase.dll+0x21bb2]
C  [KERNEL32.DLL+0x17374]
C  [ntdll.dll+0x4cc91]


---------------  P R O C E S S  ---------------

Threads class SMR info:
_java_thread_list=0x000001b3efa4bbc0, length=35, elements={
0x000001b3cc7702a0, 0x000001b3e54a4da0, 0x000001b3e54a71a0, 0x000001b3e54a9e00,
0x000001b3e54aaa50, 0x000001b3e54ad5b0, 0x000001b3e54b2010, 0x000001b3e54b2e40,
0x000001b3e54de210, 0x000001b3eb0c9e90, 0x000001b3eb325d80, 0x000001b3ebbee4a0,
0x000001b3eb1aab20, 0x000001b3ebb02370, 0x000001b3ebc5d1b0, 0x000001b3ebbfdfa0,
0x000001b3eb681450, 0x000001b3eb5505e0, 0x000001b3eb552020, 0x000001b3eb551990,
0x000001b3eb54f8c0, 0x000001b3ef63f5c0, 0x000001b3ef6402e0, 0x000001b3ef63c140,
0x000001b3ef63a070, 0x000001b3ef63db80, 0x000001b3ef63d4f0, 0x000001b3ef63ce60,
0x000001b3ef63c7d0, 0x000001b3ef63e210, 0x000001b3ef63fc50, 0x000001b3ef63ef30,
0x000001b3ef9db340, 0x000001b3ec3dc260, 0x000001b3ec3d9b00
}

Java Threads: ( => current thread )
  0x000001b3cc7702a0 JavaThread "main"                              [_thread_blocked, id=22076, stack(0x0000003e00f00000,0x0000003e01000000) (1024K)]
  0x000001b3e54a4da0 JavaThread "Reference Handler"          daemon [_thread_blocked, id=26480, stack(0x0000003e01300000,0x0000003e01400000) (1024K)]
  0x000001b3e54a71a0 JavaThread "Finalizer"                  daemon [_thread_blocked, id=21140, stack(0x0000003e01400000,0x0000003e01500000) (1024K)]
  0x000001b3e54a9e00 JavaThread "Signal Dispatcher"          daemon [_thread_blocked, id=24292, stack(0x0000003e01500000,0x0000003e01600000) (1024K)]
=>0x000001b3e54aaa50 JavaThread "Attach Listener"            daemon [_thread_in_vm, id=15124, stack(0x0000003e01600000,0x0000003e01700000) (1024K)]
  0x000001b3e54ad5b0 JavaThread "Service Thread"             daemon [_thread_blocked, id=19388, stack(0x0000003e01700000,0x0000003e01800000) (1024K)]
  0x000001b3e54b2010 JavaThread "Monitor Deflation Thread"   daemon [_thread_blocked, id=21028, stack(0x0000003e01800000,0x0000003e01900000) (1024K)]
  0x000001b3e54b2e40 JavaThread "C2 CompilerThread0"         daemon [_thread_blocked, id=10452, stack(0x0000003e01900000,0x0000003e01a00000) (1024K)]
  0x000001b3e54de210 JavaThread "C1 CompilerThread0"         daemon [_thread_blocked, id=17224, stack(0x0000003e01a00000,0x0000003e01b00000) (1024K)]
  0x000001b3eb0c9e90 JavaThread "Common-Cleaner"             daemon [_thread_blocked, id=11844, stack(0x0000003e01b00000,0x0000003e01c00000) (1024K)]
  0x000001b3eb325d80 JavaThread "Notification Thread"        daemon [_thread_blocked, id=20364, stack(0x0000003e01d00000,0x0000003e01e00000) (1024K)]
  0x000001b3ebbee4a0 JavaThread "Active Thread: Equinox Container: 01540159-9bb4-4b8e-b07a-77eaaf3720e8"        [_thread_blocked, id=1256, stack(0x0000003e02500000,0x0000003e02600000) (1024K)]
  0x000001b3eb1aab20 JavaThread "Refresh Thread: Equinox Container: 01540159-9bb4-4b8e-b07a-77eaaf3720e8" daemon [_thread_blocked, id=10296, stack(0x0000003e01c00000,0x0000003e01d00000) (1024K)]
  0x000001b3ebb02370 JavaThread "Framework Event Dispatcher: Equinox Container: 01540159-9bb4-4b8e-b07a-77eaaf3720e8" daemon [_thread_blocked, id=23288, stack(0x0000003e02600000,0x0000003e02700000) (1024K)]
  0x000001b3ebc5d1b0 JavaThread "Start Level: Equinox Container: 01540159-9bb4-4b8e-b07a-77eaaf3720e8" daemon [_thread_blocked, id=20956, stack(0x0000003e02700000,0x0000003e02800000) (1024K)]
  0x000001b3ebbfdfa0 JavaThread "Bundle File Closer"         daemon [_thread_blocked, id=10172, stack(0x0000003e02800000,0x0000003e02900000) (1024K)]
  0x000001b3eb681450 JavaThread "SCR Component Actor"        daemon [_thread_blocked, id=18480, stack(0x0000003e02900000,0x0000003e02a00000) (1024K)]
  0x000001b3eb5505e0 JavaThread "Worker-JM"                         [_thread_blocked, id=18908, stack(0x0000003e02c00000,0x0000003e02d00000) (1024K)]
  0x000001b3eb552020 JavaThread "JNA Cleaner"                daemon [_thread_blocked, id=27588, stack(0x0000003e02d00000,0x0000003e02e00000) (1024K)]
  0x000001b3eb551990 JavaThread "Java indexing"              daemon [_thread_blocked, id=20916, stack(0x0000003e03000000,0x0000003e03100000) (1024K)]
  0x000001b3eb54f8c0 JavaThread "Thread-1"                   daemon [_thread_in_native, id=8872, stack(0x0000003e03300000,0x0000003e03400000) (1024K)]
  0x000001b3ef63f5c0 JavaThread "Thread-2"                   daemon [_thread_in_native, id=26548, stack(0x0000003e03400000,0x0000003e03500000) (1024K)]
  0x000001b3ef6402e0 JavaThread "Thread-3"                   daemon [_thread_in_native, id=5308, stack(0x0000003e03500000,0x0000003e03600000) (1024K)]
  0x000001b3ef63c140 JavaThread "Thread-4"                   daemon [_thread_in_native, id=12740, stack(0x0000003e03600000,0x0000003e03700000) (1024K)]
  0x000001b3ef63a070 JavaThread "Thread-5"                   daemon [_thread_in_native, id=11324, stack(0x0000003e03700000,0x0000003e03800000) (1024K)]
  0x000001b3ef63db80 JavaThread "Thread-6"                   daemon [_thread_in_native, id=19120, stack(0x0000003e03800000,0x0000003e03900000) (1024K)]
  0x000001b3ef63d4f0 JavaThread "Thread-7"                   daemon [_thread_in_native, id=25368, stack(0x0000003e03900000,0x0000003e03a00000) (1024K)]
  0x000001b3ef63ce60 JavaThread "Thread-8"                   daemon [_thread_in_native, id=26076, stack(0x0000003e03a00000,0x0000003e03b00000) (1024K)]
  0x000001b3ef63c7d0 JavaThread "Thread-9"                   daemon [_thread_in_native, id=15748, stack(0x0000003e03b00000,0x0000003e03c00000) (1024K)]
  0x000001b3ef63e210 JavaThread "pool-2-thread-1"                   [_thread_blocked, id=6132, stack(0x0000003e03c00000,0x0000003e03d00000) (1024K)]
  0x000001b3ef63fc50 JavaThread "WorkspaceEventsHandler"            [_thread_blocked, id=19716, stack(0x0000003e03e00000,0x0000003e03f00000) (1024K)]
  0x000001b3ef63ef30 JavaThread "pool-1-thread-1"                   [_thread_blocked, id=20796, stack(0x0000003e03f00000,0x0000003e04000000) (1024K)]
  0x000001b3ef9db340 JavaThread "Timer-0"                           [_thread_blocked, id=17628, stack(0x0000003e04a00000,0x0000003e04b00000) (1024K)]
  0x000001b3ec3dc260 JavaThread "Worker-8"                          [_thread_blocked, id=16020, stack(0x0000003e04000000,0x0000003e04100000) (1024K)]
  0x000001b3ec3d9b00 JavaThread "Worker-9"                          [_thread_blocked, id=7496, stack(0x0000003e00c00000,0x0000003e00d00000) (1024K)]
Total: 35

Other Threads:
  0x000001b3e5492530 VMThread "VM Thread"                           [id=3860, stack(0x0000003e01200000,0x0000003e01300000) (1024K)]
  0x000001b3ceab4f60 WatcherThread "VM Periodic Task Thread"        [id=17204, stack(0x0000003e01100000,0x0000003e01200000) (1024K)]
  0x000001b3cea66a30 WorkerThread "GC Thread#0"                     [id=24324, stack(0x0000003e01000000,0x0000003e01100000) (1024K)]
  0x000001b3ebc34990 WorkerThread "GC Thread#1"                     [id=22436, stack(0x0000003e01f00000,0x0000003e02000000) (1024K)]
  0x000001b3eb3dbb70 WorkerThread "GC Thread#2"                     [id=1208, stack(0x0000003e02000000,0x0000003e02100000) (1024K)]
  0x000001b3eb3dbf10 WorkerThread "GC Thread#3"                     [id=27412, stack(0x0000003e02100000,0x0000003e02200000) (1024K)]
  0x000001b3eb3d8ec0 WorkerThread "GC Thread#4"                     [id=26584, stack(0x0000003e02200000,0x0000003e02300000) (1024K)]
  0x000001b3eb3d9260 WorkerThread "GC Thread#5"                     [id=20004, stack(0x0000003e02300000,0x0000003e02400000) (1024K)]
  0x000001b3eb3d9600 WorkerThread "GC Thread#6"                     [id=17912, stack(0x0000003e02400000,0x0000003e02500000) (1024K)]
  0x000001b3ebc99bd0 WorkerThread "GC Thread#7"                     [id=12576, stack(0x0000003e01e00000,0x0000003e01f00000) (1024K)]
Total: 10

Threads with active compile tasks:
Total: 0

VM state: not at safepoint (normal execution)

VM Mutex/Monitor currently owned by a thread: None

Heap address: 0x0000000080000000, size: 2048 MB, Compressed Oops mode: 32-bit

CDS archive(s) mapped at: [0x000001b380000000-0x000001b380ba0000-0x000001b380ba0000), size 12189696, SharedBaseAddress: 0x000001b380000000, ArchiveRelocationMode: 1.
Compressed class space mapped at: 0x000001b381000000-0x000001b3c1000000, reserved size: 1073741824
Narrow klass base: 0x000001b380000000, Narrow klass shift: 0, Narrow klass range: 0x100000000

GC Precious Log:
 CardTable entry size: 512
 CPUs: 8 total, 8 available
 Memory: 16221M
 Large Page Support: Disabled
 NUMA Support: Disabled
 Compressed Oops: Enabled (32-bit)
 Alignments: Space 512K, Generation 512K, Heap 2M
 Heap Min Capacity: 100M
 Heap Initial Capacity: 100M
 Heap Max Capacity: 2G
 Pre-touch: Disabled
 Parallel Workers: 8

Heap:
 PSYoungGen      total 3072K, used 1398K [0x00000000d5580000, 0x00000000d5980000, 0x0000000100000000)
  eden space 2560K, 43% used [0x00000000d5580000,0x00000000d5695978,0x00000000d5800000)
  from space 512K, 56% used [0x00000000d5900000,0x00000000d5948000,0x00000000d5980000)
  to   space 512K, 0% used [0x00000000d5800000,0x00000000d5800000,0x00000000d5880000)
 ParOldGen       total 373248K, used 373199K [0x0000000080000000, 0x0000000096c80000, 0x00000000d5580000)
  object space 373248K, 99% used [0x0000000080000000,0x0000000096c73f98,0x0000000096c80000)
 Metaspace       used 78640K, committed 80128K, reserved 1179648K
  class space    used 8468K, committed 9152K, reserved 1048576K

Card table byte_map: [0x000001b3ce420000,0x000001b3ce830000] _byte_map_base: 0x000001b3ce020000

Marking Bits: (ParMarkBitMap*) 0x00007ff85f6fa340
 Begin Bits: [0x000001b3e0ef0000, 0x000001b3e2ef0000)
 End Bits:   [0x000001b3e2ef0000, 0x000001b3e4ef0000)

Polling page: 0x000001b3ce210000

Metaspace:

Usage:
  Non-class:     68.53 MB used.
      Class:      8.27 MB used.
       Both:     76.80 MB used.

Virtual space:
  Non-class space:      128.00 MB reserved,      69.31 MB ( 54%) committed,  2 nodes.
      Class space:        1.00 GB reserved,       8.94 MB ( <1%) committed,  1 nodes.
             Both:        1.12 GB reserved,      78.25 MB (  7%) committed. 

Chunk freelists:
   Non-Class:  10.63 MB
       Class:  7.05 MB
        Both:  17.68 MB

MaxMetaspaceSize: unlimited
CompressedClassSpaceSize: 1.00 GB
Initial GC threshold: 21.00 MB
Current GC threshold: 128.25 MB
CDS: on
 - commit_granule_bytes: 65536.
 - commit_granule_words: 8192.
 - virtual_space_node_default_size: 8388608.
 - enlarge_chunks_in_place: 1.
 - use_allocation_guard: 0.


Internal statistics:

num_allocs_failed_limit: 9.
num_arena_births: 1408.
num_arena_deaths: 332.
num_vsnodes_births: 3.
num_vsnodes_deaths: 0.
num_space_committed: 1252.
num_space_uncommitted: 0.
num_chunks_returned_to_freelist: 357.
num_chunks_taken_from_freelist: 4961.
num_chunk_merges: 100.
num_chunk_splits: 3014.
num_chunks_enlarged: 1855.
num_inconsistent_stats: 0.

CodeHeap 'non-profiled nmethods': size=120000Kb used=16699Kb max_used=16699Kb free=103300Kb
 bounds [0x000001b3d9710000, 0x000001b3da760000, 0x000001b3e0c40000]
CodeHeap 'profiled nmethods': size=120000Kb used=38722Kb max_used=38722Kb free=81277Kb
 bounds [0x000001b3d1c40000, 0x000001b3d4220000, 0x000001b3d9170000]
CodeHeap 'non-nmethods': size=5760Kb used=1481Kb max_used=1610Kb free=4278Kb
 bounds [0x000001b3d9170000, 0x000001b3d93e0000, 0x000001b3d9710000]
CodeCache: size=245760Kb, used=56902Kb, max_used=57031Kb, free=188855Kb
 total_blobs=16047, nmethods=15255, adapters=697, full_count=0
Compilation: enabled, stopped_count=0, restarted_count=0

Compilation events (20 events):
Event: 20217.656 Thread 0x000001b3e54de210 16697       3       org.eclipse.core.internal.dtree.DataDeltaNode::simplifyWithParent (71 bytes)
Event: 20217.656 Thread 0x000001b3e54de210 nmethod 16697 0x000001b3d420dc90 code [0x000001b3d420dec0, 0x000001b3d420e630]
Event: 20217.811 Thread 0x000001b3e54de210 16698       3       java.util.Formatter$FormatSpecifier::print (57 bytes)
Event: 20217.812 Thread 0x000001b3e54de210 nmethod 16698 0x000001b3d420e990 code [0x000001b3d420ec00, 0x000001b3d420f5b0]
Event: 20476.061 Thread 0x000001b3e54de210 16699       3       java.util.logging.LogManager$LoggerContext::requiresDefaultLoggers (29 bytes)
Event: 20476.062 Thread 0x000001b3e54de210 nmethod 16699 0x000001b3d420f990 code [0x000001b3d420fb40, 0x000001b3d420fd48]
Event: 22093.191 Thread 0x000001b3e54b2e40 16700       4       org.eclipse.core.internal.localstore.FileSystemResourceManager::allResourcesFor (202 bytes)
Event: 22093.203 Thread 0x000001b3e54b2e40 nmethod 16700 0x000001b3da75a510 code [0x000001b3da75a7c0, 0x000001b3da75b3f8]
Event: 22096.372 Thread 0x000001b3e54b2e40 16701       4       java.lang.invoke.LambdaForm$MH/0x000001b381019c00::invoke (25 bytes)
Event: 22096.373 Thread 0x000001b3e54b2e40 nmethod 16701 0x000001b3da75bd90 code [0x000001b3da75bf40, 0x000001b3da75c070]
Event: 22546.404 Thread 0x000001b3e54de210 16702       3       java.util.logging.LogManager$LoggerContext::ensureDefaultLogger (71 bytes)
Event: 22546.411 Thread 0x000001b3e54de210 nmethod 16702 0x000001b3d420fe10 code [0x000001b3d4210020, 0x000001b3d4210690]
Event: 23034.323 Thread 0x000001b3e54b2e40 16703   !   4       java.util.concurrent.locks.AbstractQueuedSynchronizer$ConditionObject::newConditionNode (78 bytes)
Event: 23034.350 Thread 0x000001b3e54b2e40 nmethod 16703 0x000001b3da75c190 code [0x000001b3da75c380, 0x000001b3da75c738]
Event: 23697.686 Thread 0x000001b3e54b2e40 16704       4       java.util.concurrent.locks.AbstractQueuedSynchronizer$ConditionObject::enableWait (84 bytes)
Event: 23697.700 Thread 0x000001b3e54b2e40 nmethod 16704 0x000001b3da75ca10 code [0x000001b3da75cbe0, 0x000001b3da75cef0]
Event: 24252.388 Thread 0x000001b3e54b2e40 16705       4       org.eclipse.core.internal.jobs.JobManager::now (16 bytes)
Event: 24252.424 Thread 0x000001b3e54b2e40 nmethod 16705 0x000001b3da75d190 code [0x000001b3da75d320, 0x000001b3da75d488]
Event: 25358.383 Thread 0x000001b3e54b2e40 16706 % !   4       java.util.TimerThread::mainLoop @ 0 (232 bytes)
Event: 25358.534 Thread 0x000001b3e54b2e40 nmethod 16706% 0x000001b3da75d610 code [0x000001b3da75d860, 0x000001b3da75e390]

GC Heap History (20 events):
Event: 22945.136 GC heap before
{Heap before GC invocations=1131 (full 4):
 PSYoungGen      total 3072K, used 2752K [0x00000000d5580000, 0x00000000d5980000, 0x0000000100000000)
  eden space 2560K, 100% used [0x00000000d5580000,0x00000000d5800000,0x00000000d5800000)
  from space 512K, 37% used [0x00000000d5900000,0x00000000d5930000,0x00000000d5980000)
  to   space 512K, 0% used [0x00000000d5800000,0x00000000d5800000,0x00000000d5880000)
 ParOldGen       total 373248K, used 373127K [0x0000000080000000, 0x0000000096c80000, 0x00000000d5580000)
  object space 373248K, 99% used [0x0000000080000000,0x0000000096c61f98,0x0000000096c80000)
 Metaspace       used 78640K, committed 80128K, reserved 1179648K
  class space    used 8468K, committed 9152K, reserved 1048576K
}
Event: 22945.137 GC heap after
{Heap after GC invocations=1131 (full 4):
 PSYoungGen      total 3072K, used 192K [0x00000000d5580000, 0x00000000d5980000, 0x0000000100000000)
  eden space 2560K, 0% used [0x00000000d5580000,0x00000000d5580000,0x00000000d5800000)
  from space 512K, 37% used [0x00000000d5800000,0x00000000d5830000,0x00000000d5880000)
  to   space 512K, 0% used [0x00000000d5900000,0x00000000d5900000,0x00000000d5980000)
 ParOldGen       total 373248K, used 373143K [0x0000000080000000, 0x0000000096c80000, 0x00000000d5580000)
  object space 373248K, 99% used [0x0000000080000000,0x0000000096c65f98,0x0000000096c80000)
 Metaspace       used 78640K, committed 80128K, reserved 1179648K
  class space    used 8468K, committed 9152K, reserved 1048576K
}
Event: 23077.714 GC heap before
{Heap before GC invocations=1132 (full 4):
 PSYoungGen      total 3072K, used 2752K [0x00000000d5580000, 0x00000000d5980000, 0x0000000100000000)
  eden space 2560K, 100% used [0x00000000d5580000,0x00000000d5800000,0x00000000d5800000)
  from space 512K, 37% used [0x00000000d5800000,0x00000000d5830000,0x00000000d5880000)
  to   space 512K, 0% used [0x00000000d5900000,0x00000000d5900000,0x00000000d5980000)
 ParOldGen       total 373248K, used 373143K [0x0000000080000000, 0x0000000096c80000, 0x00000000d5580000)
  object space 373248K, 99% used [0x0000000080000000,0x0000000096c65f98,0x0000000096c80000)
 Metaspace       used 78640K, committed 80128K, reserved 1179648K
  class space    used 8468K, committed 9152K, reserved 1048576K
}
Event: 23077.715 GC heap after
{Heap after GC invocations=1132 (full 4):
 PSYoungGen      total 3072K, used 160K [0x00000000d5580000, 0x00000000d5980000, 0x0000000100000000)
  eden space 2560K, 0% used [0x00000000d5580000,0x00000000d5580000,0x00000000d5800000)
  from space 512K, 31% used [0x00000000d5900000,0x00000000d5928000,0x00000000d5980000)
  to   space 512K, 0% used [0x00000000d5800000,0x00000000d5800000,0x00000000d5880000)
 ParOldGen       total 373248K, used 373143K [0x0000000080000000, 0x0000000096c80000, 0x00000000d5580000)
  object space 373248K, 99% used [0x0000000080000000,0x0000000096c65f98,0x0000000096c80000)
 Metaspace       used 78640K, committed 80128K, reserved 1179648K
  class space    used 8468K, committed 9152K, reserved 1048576K
}
Event: 24291.924 GC heap before
{Heap before GC invocations=1133 (full 4):
 PSYoungGen      total 3072K, used 2720K [0x00000000d5580000, 0x00000000d5980000, 0x0000000100000000)
  eden space 2560K, 100% used [0x00000000d5580000,0x00000000d5800000,0x00000000d5800000)
  from space 512K, 31% used [0x00000000d5900000,0x00000000d5928000,0x00000000d5980000)
  to   space 512K, 0% used [0x00000000d5800000,0x00000000d5800000,0x00000000d5880000)
 ParOldGen       total 373248K, used 373143K [0x0000000080000000, 0x0000000096c80000, 0x00000000d5580000)
  object space 373248K, 99% used [0x0000000080000000,0x0000000096c65f98,0x0000000096c80000)
 Metaspace       used 78640K, committed 80128K, reserved 1179648K
  class space    used 8468K, committed 9152K, reserved 1048576K
}
Event: 24291.929 GC heap after
{Heap after GC invocations=1133 (full 4):
 PSYoungGen      total 3072K, used 192K [0x00000000d5580000, 0x00000000d5980000, 0x0000000100000000)
  eden space 2560K, 0% used [0x00000000d5580000,0x00000000d5580000,0x00000000d5800000)
  from space 512K, 37% used [0x00000000d5800000,0x00000000d5830000,0x00000000d5880000)
  to   space 512K, 0% used [0x00000000d5900000,0x00000000d5900000,0x00000000d5980000)
 ParOldGen       total 373248K, used 373143K [0x0000000080000000, 0x0000000096c80000, 0x00000000d5580000)
  object space 373248K, 99% used [0x0000000080000000,0x0000000096c65f98,0x0000000096c80000)
 Metaspace       used 78640K, committed 80128K, reserved 1179648K
  class space    used 8468K, committed 9152K, reserved 1048576K
}
Event: 24532.051 GC heap before
{Heap before GC invocations=1134 (full 4):
 PSYoungGen      total 3072K, used 2752K [0x00000000d5580000, 0x00000000d5980000, 0x0000000100000000)
  eden space 2560K, 100% used [0x00000000d5580000,0x00000000d5800000,0x00000000d5800000)
  from space 512K, 37% used [0x00000000d5800000,0x00000000d5830000,0x00000000d5880000)
  to   space 512K, 0% used [0x00000000d5900000,0x00000000d5900000,0x00000000d5980000)
 ParOldGen       total 373248K, used 373143K [0x0000000080000000, 0x0000000096c80000, 0x00000000d5580000)
  object space 373248K, 99% used [0x0000000080000000,0x0000000096c65f98,0x0000000096c80000)
 Metaspace       used 78640K, committed 80128K, reserved 1179648K
  class space    used 8468K, committed 9152K, reserved 1048576K
}
Event: 24532.054 GC heap after
{Heap after GC invocations=1134 (full 4):
 PSYoungGen      total 3072K, used 256K [0x00000000d5580000, 0x00000000d5980000, 0x0000000100000000)
  eden space 2560K, 0% used [0x00000000d5580000,0x00000000d5580000,0x00000000d5800000)
  from space 512K, 50% used [0x00000000d5900000,0x00000000d5940000,0x00000000d5980000)
  to   space 512K, 0% used [0x00000000d5800000,0x00000000d5800000,0x00000000d5880000)
 ParOldGen       total 373248K, used 373159K [0x0000000080000000, 0x0000000096c80000, 0x00000000d5580000)
  object space 373248K, 99% used [0x0000000080000000,0x0000000096c69f98,0x0000000096c80000)
 Metaspace       used 78640K, committed 80128K, reserved 1179648K
  class space    used 8468K, committed 9152K, reserved 1048576K
}
Event: 24681.934 GC heap before
{Heap before GC invocations=1135 (full 4):
 PSYoungGen      total 3072K, used 2816K [0x00000000d5580000, 0x00000000d5980000, 0x0000000100000000)
  eden space 2560K, 100% used [0x00000000d5580000,0x00000000d5800000,0x00000000d5800000)
  from space 512K, 50% used [0x00000000d5900000,0x00000000d5940000,0x00000000d5980000)
  to   space 512K, 0% used [0x00000000d5800000,0x00000000d5800000,0x00000000d5880000)
 ParOldGen       total 373248K, used 373159K [0x0000000080000000, 0x0000000096c80000, 0x00000000d5580000)
  object space 373248K, 99% used [0x0000000080000000,0x0000000096c69f98,0x0000000096c80000)
 Metaspace       used 78640K, committed 80128K, reserved 1179648K
  class space    used 8468K, committed 9152K, reserved 1048576K
}
Event: 24681.937 GC heap after
{Heap after GC invocations=1135 (full 4):
 PSYoungGen      total 3072K, used 256K [0x00000000d5580000, 0x00000000d5980000, 0x0000000100000000)
  eden space 2560K, 0% used [0x00000000d5580000,0x00000000d5580000,0x00000000d5800000)
  from space 512K, 50% used [0x00000000d5800000,0x00000000d5840000,0x00000000d5880000)
  to   space 512K, 0% used [0x00000000d5900000,0x00000000d5900000,0x00000000d5980000)
 ParOldGen       total 373248K, used 373159K [0x0000000080000000, 0x0000000096c80000, 0x00000000d5580000)
  object space 373248K, 99% used [0x0000000080000000,0x0000000096c69f98,0x0000000096c80000)
 Metaspace       used 78640K, committed 80128K, reserved 1179648K
  class space    used 8468K, committed 9152K, reserved 1048576K
}
Event: 25161.833 GC heap before
{Heap before GC invocations=1136 (full 4):
 PSYoungGen      total 3072K, used 2816K [0x00000000d5580000, 0x00000000d5980000, 0x0000000100000000)
  eden space 2560K, 100% used [0x00000000d5580000,0x00000000d5800000,0x00000000d5800000)
  from space 512K, 50% used [0x00000000d5800000,0x00000000d5840000,0x00000000d5880000)
  to   space 512K, 0% used [0x00000000d5900000,0x00000000d5900000,0x00000000d5980000)
 ParOldGen       total 373248K, used 373159K [0x0000000080000000, 0x0000000096c80000, 0x00000000d5580000)
  object space 373248K, 99% used [0x0000000080000000,0x0000000096c69f98,0x0000000096c80000)
 Metaspace       used 78640K, committed 80128K, reserved 1179648K
  class space    used 8468K, committed 9152K, reserved 1048576K
}
Event: 25161.835 GC heap after
{Heap after GC invocations=1136 (full 4):
 PSYoungGen      total 3072K, used 192K [0x00000000d5580000, 0x00000000d5980000, 0x0000000100000000)
  eden space 2560K, 0% used [0x00000000d5580000,0x00000000d5580000,0x00000000d5800000)
  from space 512K, 37% used [0x00000000d5900000,0x00000000d5930000,0x00000000d5980000)
  to   space 512K, 0% used [0x00000000d5800000,0x00000000d5800000,0x00000000d5880000)
 ParOldGen       total 373248K, used 373175K [0x0000000080000000, 0x0000000096c80000, 0x00000000d5580000)
  object space 373248K, 99% used [0x0000000080000000,0x0000000096c6df98,0x0000000096c80000)
 Metaspace       used 78640K, committed 80128K, reserved 1179648K
  class space    used 8468K, committed 9152K, reserved 1048576K
}
Event: 25324.969 GC heap before
{Heap before GC invocations=1137 (full 4):
 PSYoungGen      total 3072K, used 2752K [0x00000000d5580000, 0x00000000d5980000, 0x0000000100000000)
  eden space 2560K, 100% used [0x00000000d5580000,0x00000000d5800000,0x00000000d5800000)
  from space 512K, 37% used [0x00000000d5900000,0x00000000d5930000,0x00000000d5980000)
  to   space 512K, 0% used [0x00000000d5800000,0x00000000d5800000,0x00000000d5880000)
 ParOldGen       total 373248K, used 373175K [0x0000000080000000, 0x0000000096c80000, 0x00000000d5580000)
  object space 373248K, 99% used [0x0000000080000000,0x0000000096c6df98,0x0000000096c80000)
 Metaspace       used 78640K, committed 80128K, reserved 1179648K
  class space    used 8468K, committed 9152K, reserved 1048576K
}
Event: 25324.970 GC heap after
{Heap after GC invocations=1137 (full 4):
 PSYoungGen      total 3072K, used 224K [0x00000000d5580000, 0x00000000d5980000, 0x0000000100000000)
  eden space 2560K, 0% used [0x00000000d5580000,0x00000000d5580000,0x00000000d5800000)
  from space 512K, 43% used [0x00000000d5800000,0x00000000d5838000,0x00000000d5880000)
  to   space 512K, 0% used [0x00000000d5900000,0x00000000d5900000,0x00000000d5980000)
 ParOldGen       total 373248K, used 373175K [0x0000000080000000, 0x0000000096c80000, 0x00000000d5580000)
  object space 373248K, 99% used [0x0000000080000000,0x0000000096c6df98,0x0000000096c80000)
 Metaspace       used 78640K, committed 80128K, reserved 1179648K
  class space    used 8468K, committed 9152K, reserved 1048576K
}
Event: 25454.344 GC heap before
{Heap before GC invocations=1138 (full 4):
 PSYoungGen      total 3072K, used 2784K [0x00000000d5580000, 0x00000000d5980000, 0x0000000100000000)
  eden space 2560K, 100% used [0x00000000d5580000,0x00000000d5800000,0x00000000d5800000)
  from space 512K, 43% used [0x00000000d5800000,0x00000000d5838000,0x00000000d5880000)
  to   space 512K, 0% used [0x00000000d5900000,0x00000000d5900000,0x00000000d5980000)
 ParOldGen       total 373248K, used 373175K [0x0000000080000000, 0x0000000096c80000, 0x00000000d5580000)
  object space 373248K, 99% used [0x0000000080000000,0x0000000096c6df98,0x0000000096c80000)
 Metaspace       used 78640K, committed 80128K, reserved 1179648K
  class space    used 8468K, committed 9152K, reserved 1048576K
}
Event: 25454.345 GC heap after
{Heap after GC invocations=1138 (full 4):
 PSYoungGen      total 3072K, used 192K [0x00000000d5580000, 0x00000000d5980000, 0x0000000100000000)
  eden space 2560K, 0% used [0x00000000d5580000,0x00000000d5580000,0x00000000d5800000)
  from space 512K, 37% used [0x00000000d5900000,0x00000000d5930000,0x00000000d5980000)
  to   space 512K, 0% used [0x00000000d5800000,0x00000000d5800000,0x00000000d5880000)
 ParOldGen       total 373248K, used 373175K [0x0000000080000000, 0x0000000096c80000, 0x00000000d5580000)
  object space 373248K, 99% used [0x0000000080000000,0x0000000096c6df98,0x0000000096c80000)
 Metaspace       used 78640K, committed 80128K, reserved 1179648K
  class space    used 8468K, committed 9152K, reserved 1048576K
}
Event: 25489.704 GC heap before
{Heap before GC invocations=1139 (full 4):
 PSYoungGen      total 3072K, used 2752K [0x00000000d5580000, 0x00000000d5980000, 0x0000000100000000)
  eden space 2560K, 100% used [0x00000000d5580000,0x00000000d5800000,0x00000000d5800000)
  from space 512K, 37% used [0x00000000d5900000,0x00000000d5930000,0x00000000d5980000)
  to   space 512K, 0% used [0x00000000d5800000,0x00000000d5800000,0x00000000d5880000)
 ParOldGen       total 373248K, used 373175K [0x0000000080000000, 0x0000000096c80000, 0x00000000d5580000)
  object space 373248K, 99% used [0x0000000080000000,0x0000000096c6df98,0x0000000096c80000)
 Metaspace       used 78640K, committed 80128K, reserved 1179648K
  class space    used 8468K, committed 9152K, reserved 1048576K
}
Event: 25489.705 GC heap after
{Heap after GC invocations=1139 (full 4):
 PSYoungGen      total 3072K, used 224K [0x00000000d5580000, 0x00000000d5980000, 0x0000000100000000)
  eden space 2560K, 0% used [0x00000000d5580000,0x00000000d5580000,0x00000000d5800000)
  from space 512K, 43% used [0x00000000d5800000,0x00000000d5838000,0x00000000d5880000)
  to   space 512K, 0% used [0x00000000d5900000,0x00000000d5900000,0x00000000d5980000)
 ParOldGen       total 373248K, used 373183K [0x0000000080000000, 0x0000000096c80000, 0x00000000d5580000)
  object space 373248K, 99% used [0x0000000080000000,0x0000000096c6ff98,0x0000000096c80000)
 Metaspace       used 78640K, committed 80128K, reserved 1179648K
  class space    used 8468K, committed 9152K, reserved 1048576K
}
Event: 25512.454 GC heap before
{Heap before GC invocations=1140 (full 4):
 PSYoungGen      total 3072K, used 2773K [0x00000000d5580000, 0x00000000d5980000, 0x0000000100000000)
  eden space 2560K, 99% used [0x00000000d5580000,0x00000000d57fd488,0x00000000d5800000)
  from space 512K, 43% used [0x00000000d5800000,0x00000000d5838000,0x00000000d5880000)
  to   space 512K, 0% used [0x00000000d5900000,0x00000000d5900000,0x00000000d5980000)
 ParOldGen       total 373248K, used 373183K [0x0000000080000000, 0x0000000096c80000, 0x00000000d5580000)
  object space 373248K, 99% used [0x0000000080000000,0x0000000096c6ff98,0x0000000096c80000)
 Metaspace       used 78640K, committed 80128K, reserved 1179648K
  class space    used 8468K, committed 9152K, reserved 1048576K
}
Event: 25512.464 GC heap after
{Heap after GC invocations=1140 (full 4):
 PSYoungGen      total 3072K, used 288K [0x00000000d5580000, 0x00000000d5980000, 0x0000000100000000)
  eden space 2560K, 0% used [0x00000000d5580000,0x00000000d5580000,0x00000000d5800000)
  from space 512K, 56% used [0x00000000d5900000,0x00000000d5948000,0x00000000d5980000)
  to   space 512K, 0% used [0x00000000d5800000,0x00000000d5800000,0x00000000d5880000)
 ParOldGen       total 373248K, used 373199K [0x0000000080000000, 0x0000000096c80000, 0x00000000d5580000)
  object space 373248K, 99% used [0x0000000080000000,0x0000000096c73f98,0x0000000096c80000)
 Metaspace       used 78640K, committed 80128K, reserved 1179648K
  class space    used 8468K, committed 9152K, reserved 1048576K
}

Dll operation events (15 events):
Event: 0.009 Loaded shared library c:\Users\Vanya\.cursor\extensions\redhat.java-1.46.0-win32-x64\jre\21.0.8-win32-x86_64\bin\java.dll
Event: 0.041 Loaded shared library c:\Users\Vanya\.cursor\extensions\redhat.java-1.46.0-win32-x64\jre\21.0.8-win32-x86_64\bin\zip.dll
Event: 0.107 Loaded shared library C:\Users\Vanya\.cursor\extensions\redhat.java-1.46.0-win32-x64\jre\21.0.8-win32-x86_64\bin\instrument.dll
Event: 0.114 Loaded shared library C:\Users\Vanya\.cursor\extensions\redhat.java-1.46.0-win32-x64\jre\21.0.8-win32-x86_64\bin\net.dll
Event: 0.119 Loaded shared library C:\Users\Vanya\.cursor\extensions\redhat.java-1.46.0-win32-x64\jre\21.0.8-win32-x86_64\bin\nio.dll
Event: 0.121 Loaded shared library C:\Users\Vanya\.cursor\extensions\redhat.java-1.46.0-win32-x64\jre\21.0.8-win32-x86_64\bin\zip.dll
Event: 0.146 Loaded shared library C:\Users\Vanya\.cursor\extensions\redhat.java-1.46.0-win32-x64\jre\21.0.8-win32-x86_64\bin\jimage.dll
Event: 0.213 Loaded shared library c:\Users\Vanya\.cursor\extensions\redhat.java-1.46.0-win32-x64\jre\21.0.8-win32-x86_64\bin\verify.dll
Event: 5.783 Loaded shared library C:\Users\Vanya\AppData\Roaming\Cursor\User\globalStorage\redhat.java\1.46.0\config_win\org.eclipse.equinox.launcher\org.eclipse.equinox.launcher.win32.win32.x86_64_1.2.1400.v20250801-0854\eclipse_11916.dll
Event: 11.559 Loaded shared library C:\Users\Vanya\AppData\Local\Temp\jna-82422091\jna16965984337341417362.dll
Event: 12.509 Loaded shared library C:\Users\Vanya\.cursor\extensions\redhat.java-1.46.0-win32-x64\jre\21.0.8-win32-x86_64\bin\sunmscapi.dll
Event: 12.832 Loaded shared library C:\Users\Vanya\.cursor\extensions\redhat.java-1.46.0-win32-x64\jre\21.0.8-win32-x86_64\bin\extnet.dll
Event: 15.651 Loaded shared library C:\Users\Vanya\.gradle\native\1def1411415f61bf3af743bc5b6707747c0891f09f0c88961ee8f79bc544acac\windows-amd64\native-platform.dll
Event: 16.582 Loaded shared library C:\Users\Vanya\.cursor\extensions\redhat.java-1.46.0-win32-x64\jre\21.0.8-win32-x86_64\bin\management.dll
Event: 16.583 Loaded shared library C:\Users\Vanya\.cursor\extensions\redhat.java-1.46.0-win32-x64\jre\21.0.8-win32-x86_64\bin\management_ext.dll

Deoptimization events (20 events):
Event: 19917.647 Thread 0x000001b3ec3dc260 Uncommon trap: trap_request=0xffffff45 fr.pc=0x000001b3da6c79e0 relative=0x0000000000000b40
Event: 19917.647 Thread 0x000001b3ec3dc260 Uncommon trap: reason=unstable_if action=reinterpret pc=0x000001b3da6c79e0 method=org.eclipse.core.internal.events.NodeIDMap.getIndex(J)I @ 74 c2
Event: 19917.647 Thread 0x000001b3ec3dc260 DEOPT PACKING pc=0x000001b3da6c79e0 sp=0x0000003e040ff050
Event: 19917.647 Thread 0x000001b3ec3dc260 DEOPT UNPACKING pc=0x000001b3d91c3aa2 sp=0x0000003e040feee8 mode 2
Event: 20054.520 Thread 0x000001b3ef63fc50 Uncommon trap: trap_request=0xffffffd6 fr.pc=0x000001b3da70ddec relative=0x000000000000072c
Event: 20054.520 Thread 0x000001b3ef63fc50 Uncommon trap: reason=array_check action=maybe_recompile pc=0x000001b3da70ddec method=org.eclipse.core.internal.localstore.FileSystemResourceManager.allResourcesFor(Ljava/net/URI;ZI)[Lorg/eclipse/core/resources/IResource; @ 188 c2
Event: 20054.520 Thread 0x000001b3ef63fc50 DEOPT PACKING pc=0x000001b3da70ddec sp=0x0000003e03eff2c0
Event: 20054.520 Thread 0x000001b3ef63fc50 DEOPT UNPACKING pc=0x000001b3d91c3aa2 sp=0x0000003e03eff240 mode 2
Event: 20054.523 Thread 0x000001b3ef63fc50 Uncommon trap: trap_request=0xffffffd6 fr.pc=0x000001b3da70ddec relative=0x000000000000072c
Event: 20054.523 Thread 0x000001b3ef63fc50 Uncommon trap: reason=array_check action=maybe_recompile pc=0x000001b3da70ddec method=org.eclipse.core.internal.localstore.FileSystemResourceManager.allResourcesFor(Ljava/net/URI;ZI)[Lorg/eclipse/core/resources/IResource; @ 188 c2
Event: 20054.523 Thread 0x000001b3ef63fc50 DEOPT PACKING pc=0x000001b3da70ddec sp=0x0000003e03eff020
Event: 20054.523 Thread 0x000001b3ef63fc50 DEOPT UNPACKING pc=0x000001b3d91c3aa2 sp=0x0000003e03efefc0 mode 2
Event: 20054.526 Thread 0x000001b3ef63fc50 Uncommon trap: trap_request=0xffffffd6 fr.pc=0x000001b3da70ddec relative=0x000000000000072c
Event: 20054.526 Thread 0x000001b3ef63fc50 Uncommon trap: reason=array_check action=maybe_recompile pc=0x000001b3da70ddec method=org.eclipse.core.internal.localstore.FileSystemResourceManager.allResourcesFor(Ljava/net/URI;ZI)[Lorg/eclipse/core/resources/IResource; @ 188 c2
Event: 20054.526 Thread 0x000001b3ef63fc50 DEOPT PACKING pc=0x000001b3da70ddec sp=0x0000003e03eff2c0
Event: 20054.526 Thread 0x000001b3ef63fc50 DEOPT UNPACKING pc=0x000001b3d91c3aa2 sp=0x0000003e03eff240 mode 2
Event: 20054.528 Thread 0x000001b3ef63fc50 Uncommon trap: trap_request=0xffffffd6 fr.pc=0x000001b3da70ddec relative=0x000000000000072c
Event: 20054.528 Thread 0x000001b3ef63fc50 Uncommon trap: reason=array_check action=maybe_recompile pc=0x000001b3da70ddec method=org.eclipse.core.internal.localstore.FileSystemResourceManager.allResourcesFor(Ljava/net/URI;ZI)[Lorg/eclipse/core/resources/IResource; @ 188 c2
Event: 20054.528 Thread 0x000001b3ef63fc50 DEOPT PACKING pc=0x000001b3da70ddec sp=0x0000003e03eff2c0
Event: 20054.528 Thread 0x000001b3ef63fc50 DEOPT UNPACKING pc=0x000001b3d91c3aa2 sp=0x0000003e03eff240 mode 2

Classes loaded (20 events):
Event: 19285.610 Loading class java/util/stream/Nodes$CollectorTask done
Event: 19285.610 Loading class java/util/stream/Nodes$CollectorTask$OfRef done
Event: 19285.612 Loading class java/util/function/LongFunction
Event: 19285.612 Loading class java/util/function/LongFunction done
Event: 19285.612 Loading class java/util/stream/Nodes$ConcNode
Event: 19285.612 Loading class java/util/stream/Nodes$AbstractConcNode
Event: 19285.613 Loading class java/util/stream/Nodes$AbstractConcNode done
Event: 19285.613 Loading class java/util/stream/Nodes$ConcNode done
Event: 19285.630 Loading class java/util/stream/Nodes$ToArrayTask$OfRef
Event: 19285.630 Loading class java/util/stream/Nodes$ToArrayTask
Event: 19285.630 Loading class java/util/stream/Nodes$ToArrayTask done
Event: 19285.630 Loading class java/util/stream/Nodes$ToArrayTask$OfRef done
Event: 19285.633 Loading class java/io/ObjectOutputStream$BlockDataOutputStream
Event: 19285.633 Loading class java/io/ObjectOutputStream$BlockDataOutputStream done
Event: 19285.633 Loading class java/io/ObjectOutputStream$HandleTable
Event: 19285.634 Loading class java/io/ObjectOutputStream$HandleTable done
Event: 19285.634 Loading class java/io/ObjectOutputStream$ReplaceTable
Event: 19285.634 Loading class java/io/ObjectOutputStream$ReplaceTable done
Event: 19637.770 Loading class jdk/internal/math/FDBigInteger
Event: 19637.771 Loading class jdk/internal/math/FDBigInteger done

Classes unloaded (20 events):
Event: 19287.238 Thread 0x000001b3e5492530 Unloading class 0x000001b381017400 'java/lang/invoke/LambdaForm$MH+0x000001b381017400'
Event: 19287.238 Thread 0x000001b3e5492530 Unloading class 0x000001b381016400 'java/lang/invoke/LambdaForm$MH+0x000001b381016400'
Event: 19287.238 Thread 0x000001b3e5492530 Unloading class 0x000001b38100d800 'java/lang/invoke/LambdaForm$MH+0x000001b38100d800'
Event: 19287.238 Thread 0x000001b3e5492530 Unloading class 0x000001b38100d400 'java/lang/invoke/LambdaForm$MH+0x000001b38100d400'
Event: 19287.238 Thread 0x000001b3e5492530 Unloading class 0x000001b38100d000 'java/lang/invoke/LambdaForm$MH+0x000001b38100d000'
Event: 19287.238 Thread 0x000001b3e5492530 Unloading class 0x000001b38100cc00 'java/lang/invoke/LambdaForm$MH+0x000001b38100cc00'
Event: 19287.238 Thread 0x000001b3e5492530 Unloading class 0x000001b38100c800 'java/lang/invoke/LambdaForm$BMH+0x000001b38100c800'
Event: 19287.238 Thread 0x000001b3e5492530 Unloading class 0x000001b38100c000 'java/lang/invoke/LambdaForm$DMH+0x000001b38100c000'
Event: 19287.238 Thread 0x000001b3e5492530 Unloading class 0x000001b381008c00 'java/lang/invoke/LambdaForm$MH+0x000001b381008c00'
Event: 19287.238 Thread 0x000001b3e5492530 Unloading class 0x000001b381008800 'java/lang/invoke/LambdaForm$MH+0x000001b381008800'
Event: 19287.238 Thread 0x000001b3e5492530 Unloading class 0x000001b381008400 'java/lang/invoke/LambdaForm$MH+0x000001b381008400'
Event: 19287.238 Thread 0x000001b3e5492530 Unloading class 0x000001b381007000 'java/lang/invoke/LambdaForm$MH+0x000001b381007000'
Event: 19287.238 Thread 0x000001b3e5492530 Unloading class 0x000001b381006800 'java/lang/invoke/LambdaForm$MH+0x000001b381006800'
Event: 19287.238 Thread 0x000001b3e5492530 Unloading class 0x000001b381006400 'java/lang/invoke/LambdaForm$MH+0x000001b381006400'
Event: 19287.238 Thread 0x000001b3e5492530 Unloading class 0x000001b381006000 'java/lang/invoke/LambdaForm$MH+0x000001b381006000'
Event: 19287.238 Thread 0x000001b3e5492530 Unloading class 0x000001b381005c00 'java/lang/invoke/LambdaForm$BMH+0x000001b381005c00'
Event: 19287.238 Thread 0x000001b3e5492530 Unloading class 0x000001b381004800 'java/lang/invoke/LambdaForm$DMH+0x000001b381004800'
Event: 19287.238 Thread 0x000001b3e5492530 Unloading class 0x000001b381002800 'java/lang/invoke/LambdaForm$MH+0x000001b381002800'
Event: 19287.238 Thread 0x000001b3e5492530 Unloading class 0x000001b381002400 'java/lang/invoke/LambdaForm$MH+0x000001b381002400'
Event: 19287.238 Thread 0x000001b3e5492530 Unloading class 0x000001b381000400 'java/lang/invoke/LambdaForm$MH+0x000001b381000400'

Classes redefined (0 events):
No events

Internal exceptions (20 events):
Event: 19917.522 Thread 0x000001b3ef63fc50 Exception <a 'sun/nio/fs/WindowsException'{0x00000000d561fc08}> (0x00000000d561fc08) 
thrown [s\src\hotspot\share\prims\jni.cpp, line 520]
Event: 19917.522 Thread 0x000001b3ef63fc50 Exception <a 'sun/nio/fs/WindowsException'{0x00000000d56200e8}> (0x00000000d56200e8) 
thrown [s\src\hotspot\share\prims\jni.cpp, line 520]
Event: 19917.523 Thread 0x000001b3ef63fc50 Exception <a 'sun/nio/fs/WindowsException'{0x00000000d56528f8}> (0x00000000d56528f8) 
thrown [s\src\hotspot\share\prims\jni.cpp, line 520]
Event: 19917.523 Thread 0x000001b3ef63fc50 Exception <a 'sun/nio/fs/WindowsException'{0x00000000d5652dd8}> (0x00000000d5652dd8) 
thrown [s\src\hotspot\share\prims\jni.cpp, line 520]
Event: 20217.650 Thread 0x000001b3ec3d9b00 Exception <a 'sun/nio/fs/WindowsException'{0x00000000d579aeb0}> (0x00000000d579aeb0) 
thrown [s\src\hotspot\share\prims\jni.cpp, line 520]
Event: 20217.651 Thread 0x000001b3ec3d9b00 Exception <a 'sun/nio/fs/WindowsException'{0x00000000d579bd20}> (0x00000000d579bd20) 
thrown [s\src\hotspot\share\prims\jni.cpp, line 520]
Event: 20217.651 Thread 0x000001b3ec3d9b00 Exception <a 'sun/nio/fs/WindowsException'{0x00000000d579dfe8}> (0x00000000d579dfe8) 
thrown [s\src\hotspot\share\prims\jni.cpp, line 520]
Event: 20217.651 Thread 0x000001b3ec3d9b00 Exception <a 'sun/nio/fs/WindowsException'{0x00000000d579ec30}> (0x00000000d579ec30) 
thrown [s\src\hotspot\share\prims\jni.cpp, line 520]
Event: 20217.651 Thread 0x000001b3ec3d9b00 Exception <a 'sun/nio/fs/WindowsException'{0x00000000d57d02f0}> (0x00000000d57d02f0) 
thrown [s\src\hotspot\share\prims\jni.cpp, line 520]
Event: 20217.651 Thread 0x000001b3ec3d9b00 Exception <a 'sun/nio/fs/WindowsException'{0x00000000d57d0f20}> (0x00000000d57d0f20) 
thrown [s\src\hotspot\share\prims\jni.cpp, line 520]
Event: 20217.652 Thread 0x000001b3ec3d9b00 Exception <a 'sun/nio/fs/WindowsException'{0x00000000d57d2ec0}> (0x00000000d57d2ec0) 
thrown [s\src\hotspot\share\prims\jni.cpp, line 520]
Event: 20217.652 Thread 0x000001b3ec3d9b00 Exception <a 'sun/nio/fs/WindowsException'{0x00000000d57d3b50}> (0x00000000d57d3b50) 
thrown [s\src\hotspot\share\prims\jni.cpp, line 520]
Event: 20217.652 Thread 0x000001b3ec3d9b00 Exception <a 'sun/nio/fs/WindowsException'{0x00000000d57d5b30}> (0x00000000d57d5b30) 
thrown [s\src\hotspot\share\prims\jni.cpp, line 520]
Event: 20217.652 Thread 0x000001b3ec3d9b00 Exception <a 'sun/nio/fs/WindowsException'{0x00000000d57d6778}> (0x00000000d57d6778) 
thrown [s\src\hotspot\share\prims\jni.cpp, line 520]
Event: 20217.652 Thread 0x000001b3ec3d9b00 Exception <a 'sun/nio/fs/WindowsException'{0x00000000d57d8668}> (0x00000000d57d8668) 
thrown [s\src\hotspot\share\prims\jni.cpp, line 520]
Event: 20217.652 Thread 0x000001b3ec3d9b00 Exception <a 'sun/nio/fs/WindowsException'{0x00000000d57d9270}> (0x00000000d57d9270) 
thrown [s\src\hotspot\share\prims\jni.cpp, line 520]
Event: 20217.652 Thread 0x000001b3ec3d9b00 Exception <a 'sun/nio/fs/WindowsException'{0x00000000d57dccf0}> (0x00000000d57dccf0) 
thrown [s\src\hotspot\share\prims\jni.cpp, line 520]
Event: 20217.652 Thread 0x000001b3ec3d9b00 Exception <a 'sun/nio/fs/WindowsException'{0x00000000d57dd928}> (0x00000000d57dd928) 
thrown [s\src\hotspot\share\prims\jni.cpp, line 520]
Event: 20217.652 Thread 0x000001b3ec3d9b00 Exception <a 'sun/nio/fs/WindowsException'{0x00000000d57df940}> (0x00000000d57df940) 
thrown [s\src\hotspot\share\prims\jni.cpp, line 520]
Event: 20217.652 Thread 0x000001b3ec3d9b00 Exception <a 'sun/nio/fs/WindowsException'{0x00000000d57e0568}> (0x00000000d57e0568) 
thrown [s\src\hotspot\share\prims\jni.cpp, line 520]

ZGC Phase Switch (0 events):
No events

VM Operations (20 events):
Event: 25552.643 Executing VM operation: HandshakeAllThreads (HandshakeForDeflation)
Event: 25552.643 Executing VM operation: HandshakeAllThreads (HandshakeForDeflation) done
Event: 25552.643 Executing VM operation: RendezvousGCThreads
Event: 25552.643 Executing VM operation: RendezvousGCThreads done
Event: 25612.791 Executing VM operation: HandshakeAllThreads (HandshakeForDeflation)
Event: 25612.791 Executing VM operation: HandshakeAllThreads (HandshakeForDeflation) done
Event: 25612.791 Executing VM operation: RendezvousGCThreads
Event: 25612.791 Executing VM operation: RendezvousGCThreads done
Event: 25673.039 Executing VM operation: HandshakeAllThreads (HandshakeForDeflation)
Event: 25673.039 Executing VM operation: HandshakeAllThreads (HandshakeForDeflation) done
Event: 25673.039 Executing VM operation: RendezvousGCThreads
Event: 25673.039 Executing VM operation: RendezvousGCThreads done
Event: 25733.234 Executing VM operation: HandshakeAllThreads (HandshakeForDeflation)
Event: 25733.234 Executing VM operation: HandshakeAllThreads (HandshakeForDeflation) done
Event: 25733.234 Executing VM operation: RendezvousGCThreads
Event: 25733.234 Executing VM operation: RendezvousGCThreads done
Event: 25793.409 Executing VM operation: HandshakeAllThreads (HandshakeForDeflation)
Event: 25793.409 Executing VM operation: HandshakeAllThreads (HandshakeForDeflation) done
Event: 25793.409 Executing VM operation: RendezvousGCThreads
Event: 25793.409 Executing VM operation: RendezvousGCThreads done

Memory protections (0 events):
No events

Nmethod flushes (20 events):
Event: 19287.277 Thread 0x000001b3e5492530 flushing  nmethod 0x000001b3d2991390
Event: 19287.277 Thread 0x000001b3e5492530 flushing  nmethod 0x000001b3d2991990
Event: 19287.277 Thread 0x000001b3e5492530 flushing  nmethod 0x000001b3d2996990
Event: 19287.277 Thread 0x000001b3e5492530 flushing  nmethod 0x000001b3d29a6e10
Event: 19287.277 Thread 0x000001b3e5492530 flushing  nmethod 0x000001b3d29a9890
Event: 19287.277 Thread 0x000001b3e5492530 flushing osr nmethod 0x000001b3d29afc90
Event: 19287.277 Thread 0x000001b3e5492530 flushing  nmethod 0x000001b3d29b0d90
Event: 19287.277 Thread 0x000001b3e5492530 flushing  nmethod 0x000001b3d29b1a10
Event: 19287.277 Thread 0x000001b3e5492530 flushing  nmethod 0x000001b3d29d8b10
Event: 19287.277 Thread 0x000001b3e5492530 flushing  nmethod 0x000001b3d29ded10
Event: 19287.277 Thread 0x000001b3e5492530 flushing  nmethod 0x000001b3d29eac10
Event: 19287.277 Thread 0x000001b3e5492530 flushing  nmethod 0x000001b3d29f3010
Event: 19287.277 Thread 0x000001b3e5492530 flushing  nmethod 0x000001b3d29fbd90
Event: 19287.277 Thread 0x000001b3e5492530 flushing  nmethod 0x000001b3d2a25690
Event: 19287.277 Thread 0x000001b3e5492530 flushing  nmethod 0x000001b3d2a25f10
Event: 19287.277 Thread 0x000001b3e5492530 flushing  nmethod 0x000001b3d2a26d10
Event: 19287.277 Thread 0x000001b3e5492530 flushing  nmethod 0x000001b3d2a30010
Event: 19287.277 Thread 0x000001b3e5492530 flushing  nmethod 0x000001b3d2a34f90
Event: 19287.277 Thread 0x000001b3e5492530 flushing  nmethod 0x000001b3d2a35710
Event: 19287.277 Thread 0x000001b3e5492530 flushing  nmethod 0x000001b3d2a36f90

Events (20 events):
Event: 19937.232 Thread 0x000001b3ec3e0400 Thread exited: 0x000001b3ec3e0400
Event: 19937.232 Thread 0x000001b3ec3d8de0 Thread exited: 0x000001b3ec3d8de0
Event: 19979.135 Thread 0x000001b3eb551300 Thread exited: 0x000001b3eb551300
Event: 20006.015 Thread 0x000001b3ec3dbbd0 Thread exited: 0x000001b3ec3dbbd0
Event: 20217.650 Thread 0x000001b3ec3d9b00 Thread added: 0x000001b3ef63a700
Event: 20217.650 Thread 0x000001b3ef63a700 Thread exited: 0x000001b3ef63a700
Event: 20217.652 Thread 0x000001b3ec3d9b00 Thread added: 0x000001b3ef63bab0
Event: 20217.653 Thread 0x000001b3ef63bab0 Thread added: 0x000001b3ef63a700
Event: 20217.653 Thread 0x000001b3ef63bab0 Thread added: 0x000001b3ef63ad90
Event: 20217.653 Thread 0x000001b3ef63bab0 Thread added: 0x000001b3ec3df6e0
Event: 20217.653 Thread 0x000001b3ef63a700 Thread added: 0x000001b3ec3da820
Event: 20217.653 Thread 0x000001b3ec3da820 Thread added: 0x000001b3ec3dc8f0
Event: 20217.653 Thread 0x000001b3ef63ad90 Thread added: 0x000001b3ec3d8de0
Event: 20217.653 Thread 0x000001b3ec3d8de0 Thread exited: 0x000001b3ec3d8de0
Event: 20217.653 Thread 0x000001b3ef63bab0 Thread exited: 0x000001b3ef63bab0
Event: 20217.653 Thread 0x000001b3ec3dc8f0 Thread exited: 0x000001b3ec3dc8f0
Event: 20217.653 Thread 0x000001b3ef63ad90 Thread exited: 0x000001b3ef63ad90
Event: 20217.653 Thread 0x000001b3ec3da820 Thread exited: 0x000001b3ec3da820
Event: 20217.653 Thread 0x000001b3ec3df6e0 Thread exited: 0x000001b3ec3df6e0
Event: 20217.653 Thread 0x000001b3ef63a700 Thread exited: 0x000001b3ef63a700


Dynamic libraries:
0x00007ff6dfee0000 - 0x00007ff6dfeee000 	c:\Users\Vanya\.cursor\extensions\redhat.java-1.46.0-win32-x64\jre\21.0.8-win32-x86_64\bin\java.exe
0x00007ff8dc050000 - 0x00007ff8dc248000 	C:\Windows\SYSTEM32\ntdll.dll
0x00007ff8da050000 - 0x00007ff8da112000 	C:\Windows\System32\KERNEL32.DLL
0x00007ff8d99f0000 - 0x00007ff8d9ce6000 	C:\Windows\System32\KERNELBASE.dll
0x00007ff8a4a00000 - 0x00007ff8a4a18000 	c:\Users\Vanya\.cursor\extensions\redhat.java-1.46.0-win32-x64\jre\21.0.8-win32-x86_64\bin\jli.dll
0x00007ff8dbd90000 - 0x00007ff8dbf31000 	C:\Windows\System32\USER32.dll
0x00007ff8d9700000 - 0x00007ff8d9800000 	C:\Windows\System32\ucrtbase.dll
0x00007ff8d9da0000 - 0x00007ff8d9dc2000 	C:\Windows\System32\win32u.dll
0x00007ff888240000 - 0x00007ff88825e000 	c:\Users\Vanya\.cursor\extensions\redhat.java-1.46.0-win32-x64\jre\21.0.8-win32-x86_64\bin\VCRUNTIME140.dll
0x00007ff8dbd60000 - 0x00007ff8dbd8b000 	C:\Windows\System32\GDI32.dll
0x00007ff8d98a0000 - 0x00007ff8d99b9000 	C:\Windows\System32\gdi32full.dll
0x00007ff8ca400000 - 0x00007ff8ca69b000 	C:\Windows\WinSxS\amd64_microsoft.windows.common-controls_6595b64144ccf1df_6.0.19041.6456_none_60b8a6cb71f64256\COMCTL32.dll
0x00007ff8d9800000 - 0x00007ff8d989d000 	C:\Windows\System32\msvcp_win.dll
0x00007ff8db850000 - 0x00007ff8db8ee000 	C:\Windows\System32\msvcrt.dll
0x00007ff8dae10000 - 0x00007ff8dae3f000 	C:\Windows\System32\IMM32.DLL
0x00007ff8a7600000 - 0x00007ff8a760c000 	c:\Users\Vanya\.cursor\extensions\redhat.java-1.46.0-win32-x64\jre\21.0.8-win32-x86_64\bin\vcruntime140_1.dll
0x00007ff87c2e0000 - 0x00007ff87c36d000 	c:\Users\Vanya\.cursor\extensions\redhat.java-1.46.0-win32-x64\jre\21.0.8-win32-x86_64\bin\msvcp140.dll
0x00007ff85ea40000 - 0x00007ff85f7d7000 	c:\Users\Vanya\.cursor\extensions\redhat.java-1.46.0-win32-x64\jre\21.0.8-win32-x86_64\bin\server\jvm.dll
0x00007ff8db670000 - 0x00007ff8db721000 	C:\Windows\System32\ADVAPI32.dll
0x00007ff8dbf40000 - 0x00007ff8dbfdf000 	C:\Windows\System32\sechost.dll
0x00007ff8db730000 - 0x00007ff8db850000 	C:\Windows\System32\RPCRT4.dll
0x00007ff8d99c0000 - 0x00007ff8d99e7000 	C:\Windows\System32\bcrypt.dll
0x00007ff8daab0000 - 0x00007ff8dab1b000 	C:\Windows\System32\WS2_32.dll
0x00007ff8d8bf0000 - 0x00007ff8d8c3b000 	C:\Windows\SYSTEM32\POWRPROF.dll
0x00007ff8d0260000 - 0x00007ff8d0287000 	C:\Windows\SYSTEM32\WINMM.dll
0x00007ff8d4500000 - 0x00007ff8d450a000 	C:\Windows\SYSTEM32\VERSION.dll
0x00007ff8d8ab0000 - 0x00007ff8d8ac2000 	C:\Windows\SYSTEM32\UMPDC.dll
0x00007ff8d7540000 - 0x00007ff8d7552000 	C:\Windows\SYSTEM32\kernel.appcore.dll
0x00007ff8a4930000 - 0x00007ff8a493a000 	c:\Users\Vanya\.cursor\extensions\redhat.java-1.46.0-win32-x64\jre\21.0.8-win32-x86_64\bin\jimage.dll
0x00007ff8cf890000 - 0x00007ff8cfa91000 	C:\Windows\SYSTEM32\DBGHELP.DLL
0x00007ff8c50d0000 - 0x00007ff8c5104000 	C:\Windows\SYSTEM32\dbgcore.DLL
0x00007ff8d9dd0000 - 0x00007ff8d9e52000 	C:\Windows\System32\bcryptPrimitives.dll
0x00007ff8a2880000 - 0x00007ff8a288f000 	c:\Users\Vanya\.cursor\extensions\redhat.java-1.46.0-win32-x64\jre\21.0.8-win32-x86_64\bin\instrument.dll
0x00007ff8a66b0000 - 0x00007ff8a66cf000 	c:\Users\Vanya\.cursor\extensions\redhat.java-1.46.0-win32-x64\jre\21.0.8-win32-x86_64\bin\java.dll
0x00007ff8daef0000 - 0x00007ff8db660000 	C:\Windows\System32\SHELL32.dll
0x00007ff8d7740000 - 0x00007ff8d7ee5000 	C:\Windows\SYSTEM32\windows.storage.dll
0x00007ff8da750000 - 0x00007ff8daaa4000 	C:\Windows\System32\combase.dll
0x00007ff8d90e0000 - 0x00007ff8d910b000 	C:\Windows\SYSTEM32\Wldp.dll
0x00007ff8da1e0000 - 0x00007ff8da2ad000 	C:\Windows\System32\OLEAUT32.dll
0x00007ff8dae40000 - 0x00007ff8daeed000 	C:\Windows\System32\SHCORE.dll
0x00007ff8da120000 - 0x00007ff8da17b000 	C:\Windows\System32\shlwapi.dll
0x00007ff8d95e0000 - 0x00007ff8d9604000 	C:\Windows\SYSTEM32\profapi.dll
0x00007ff895dc0000 - 0x00007ff895dd8000 	c:\Users\Vanya\.cursor\extensions\redhat.java-1.46.0-win32-x64\jre\21.0.8-win32-x86_64\bin\zip.dll
0x00007ff8a3450000 - 0x00007ff8a3460000 	C:\Users\Vanya\.cursor\extensions\redhat.java-1.46.0-win32-x64\jre\21.0.8-win32-x86_64\bin\net.dll
0x00007ff8d3d20000 - 0x00007ff8d3e2a000 	C:\Windows\SYSTEM32\WINHTTP.dll
0x00007ff8d8e40000 - 0x00007ff8d8eaa000 	C:\Windows\system32\mswsock.dll
0x00007ff887d10000 - 0x00007ff887d26000 	C:\Users\Vanya\.cursor\extensions\redhat.java-1.46.0-win32-x64\jre\21.0.8-win32-x86_64\bin\nio.dll
0x00007ff8a19d0000 - 0x00007ff8a19e0000 	c:\Users\Vanya\.cursor\extensions\redhat.java-1.46.0-win32-x64\jre\21.0.8-win32-x86_64\bin\verify.dll
0x00007ff865930000 - 0x00007ff865974000 	C:\Users\Vanya\AppData\Roaming\Cursor\User\globalStorage\redhat.java\1.46.0\config_win\org.eclipse.equinox.launcher\org.eclipse.equinox.launcher.win32.win32.x86_64_1.2.1400.v20250801-0854\eclipse_11916.dll
0x00007ff8da620000 - 0x00007ff8da74b000 	C:\Windows\System32\ole32.dll
0x00007ff8d9040000 - 0x00007ff8d9058000 	C:\Windows\SYSTEM32\CRYPTSP.dll
0x00007ff8d86f0000 - 0x00007ff8d8728000 	C:\Windows\system32\rsaenh.dll
0x00007ff8d9560000 - 0x00007ff8d958e000 	C:\Windows\SYSTEM32\USERENV.dll
0x00007ff8d9030000 - 0x00007ff8d903c000 	C:\Windows\SYSTEM32\CRYPTBASE.dll
0x00007ff8d8ad0000 - 0x00007ff8d8b0b000 	C:\Windows\SYSTEM32\IPHLPAPI.DLL
0x00007ff8da040000 - 0x00007ff8da048000 	C:\Windows\System32\NSI.dll
0x00007ff861e70000 - 0x00007ff861eb9000 	C:\Users\Vanya\AppData\Local\Temp\jna-82422091\jna16965984337341417362.dll
0x00007ff8da2b0000 - 0x00007ff8da2b8000 	C:\Windows\System32\PSAPI.DLL
0x00007ff8d4510000 - 0x00007ff8d4527000 	C:\Windows\SYSTEM32\dhcpcsvc6.DLL
0x00007ff8d4480000 - 0x00007ff8d449d000 	C:\Windows\SYSTEM32\dhcpcsvc.DLL
0x00007ff888030000 - 0x00007ff88803e000 	C:\Users\Vanya\.cursor\extensions\redhat.java-1.46.0-win32-x64\jre\21.0.8-win32-x86_64\bin\sunmscapi.dll
0x00007ff8d9ee0000 - 0x00007ff8da03d000 	C:\Windows\System32\CRYPT32.dll
0x00007ff8d9150000 - 0x00007ff8d9177000 	C:\Windows\SYSTEM32\ncrypt.dll
0x00007ff8d9110000 - 0x00007ff8d914b000 	C:\Windows\SYSTEM32\NTASN1.dll
0x00007ff8d8b20000 - 0x00007ff8d8bea000 	C:\Windows\SYSTEM32\DNSAPI.dll
0x00007ff8d3080000 - 0x00007ff8d308a000 	C:\Windows\System32\rasadhlp.dll
0x00007ff8d2d60000 - 0x00007ff8d2de0000 	C:\Windows\System32\fwpuclnt.dll
0x00007ff880460000 - 0x00007ff880469000 	C:\Users\Vanya\.cursor\extensions\redhat.java-1.46.0-win32-x64\jre\21.0.8-win32-x86_64\bin\extnet.dll
0x00007ff887ed0000 - 0x00007ff887ef7000 	C:\Users\Vanya\.gradle\native\1def1411415f61bf3af743bc5b6707747c0891f09f0c88961ee8f79bc544acac\windows-amd64\native-platform.dll
0x00007ff8882f0000 - 0x00007ff8882fa000 	C:\Users\Vanya\.cursor\extensions\redhat.java-1.46.0-win32-x64\jre\21.0.8-win32-x86_64\bin\management.dll
0x00007ff888140000 - 0x00007ff88814b000 	C:\Users\Vanya\.cursor\extensions\redhat.java-1.46.0-win32-x64\jre\21.0.8-win32-x86_64\bin\management_ext.dll

JVMTI agents:
c:\Users\Vanya\.cursor\extensions\redhat.java-1.46.0-win32-x64\lombok\lombok-1.18.39-4050.jar path:c:\Users\Vanya\.cursor\extensions\redhat.java-1.46.0-win32-x64\jre\21.0.8-win32-x86_64\bin\instrument.dll, loaded, initialized, instrumentlib options:none

dbghelp: loaded successfully - version: 4.0.5 - missing functions: none
symbol engine: initialized successfully - sym options: 0x614 - pdb path: .;c:\Users\Vanya\.cursor\extensions\redhat.java-1.46.0-win32-x64\jre\21.0.8-win32-x86_64\bin;C:\Windows\SYSTEM32;C:\Windows\WinSxS\amd64_microsoft.windows.common-controls_6595b64144ccf1df_6.0.19041.6456_none_60b8a6cb71f64256;c:\Users\Vanya\.cursor\extensions\redhat.java-1.46.0-win32-x64\jre\21.0.8-win32-x86_64\bin\server;C:\Users\Vanya\AppData\Roaming\Cursor\User\globalStorage\redhat.java\1.46.0\config_win\org.eclipse.equinox.launcher\org.eclipse.equinox.launcher.win32.win32.x86_64_1.2.1400.v20250801-0854;C:\Users\Vanya\AppData\Local\Temp\jna-82422091;C:\Users\Vanya\.gradle\native\1def1411415f61bf3af743bc5b6707747c0891f09f0c88961ee8f79bc544acac\windows-amd64

VM Arguments:
jvm_args: --add-modules=ALL-SYSTEM --add-opens=java.base/java.util=ALL-UNNAMED --add-opens=java.base/java.lang=ALL-UNNAMED --add-opens=java.base/sun.nio.fs=ALL-UNNAMED -Declipse.application=org.eclipse.jdt.ls.core.id1 -Dosgi.bundles.defaultStartLevel=4 -Declipse.product=org.eclipse.jdt.ls.core.product -Djava.import.generatesMetadataFilesAtProjectRoot=false -DDetectVMInstallationsJob.disabled=true -Dfile.encoding=utf8 -XX:+UseParallelGC -XX:GCTimeRatio=4 -XX:AdaptiveSizePolicyWeight=90 -Dsun.zip.disableMemoryMapping=true -Xmx2G -Xms100m -Xlog:disable -javaagent:c:\Users\Vanya\.cursor\extensions\redhat.java-1.46.0-win32-x64\lombok\lombok-1.18.39-4050.jar -XX:+HeapDumpOnOutOfMemoryError -XX:HeapDumpPath=c:\Users\Vanya\AppData\Roaming\Cursor\User\workspaceStorage\84a42d4ce4bd5e43b4269eb41a4320e0\redhat.java -Daether.dependencyCollector.impl=bf 
java_command: c:\Users\Vanya\.cursor\extensions\redhat.java-1.46.0-win32-x64\server\plugins\org.eclipse.equinox.launcher_1.7.0.v20250519-0528.jar -configuration c:\Users\Vanya\AppData\Roaming\Cursor\User\globalStorage\redhat.java\1.46.0\config_win -data c:\Users\Vanya\AppData\Roaming\Cursor\User\workspaceStorage\84a42d4ce4bd5e43b4269eb41a4320e0\redhat.java\jdt_ws --pipe=\\.\pipe\lsp-aed6037a529e586952ab4cfe2781b90a-sock
java_class_path (initial): c:\Users\Vanya\.cursor\extensions\redhat.java-1.46.0-win32-x64\server\plugins\org.eclipse.equinox.launcher_1.7.0.v20250519-0528.jar
Launcher Type: SUN_STANDARD

[Global flags]
    uintx AdaptiveSizePolicyWeight                 = 90                                        {product} {command line}
     intx CICompilerCount                          = 4                                         {product} {ergonomic}
    uintx GCTimeRatio                              = 4                                         {product} {command line}
     bool HeapDumpOnOutOfMemoryError               = true                                   {manageable} {command line}
    ccstr HeapDumpPath                             = c:\Users\Vanya\AppData\Roaming\Cursor\User\workspaceStorage\84a42d4ce4bd5e43b4269eb41a4320e0\redhat.java         {manageable} {command line}
   size_t InitialHeapSize                          = 104857600                                 {product} {command line}
   size_t MaxHeapSize                              = 2147483648                                {product} {command line}
   size_t MaxNewSize                               = 715653120                                 {product} {ergonomic}
   size_t MinHeapDeltaBytes                        = 524288                                    {product} {ergonomic}
   size_t MinHeapSize                              = 104857600                                 {product} {command line}
   size_t NewSize                                  = 34603008                                  {product} {ergonomic}
    uintx NonNMethodCodeHeapSize                   = 5839372                                {pd product} {ergonomic}
    uintx NonProfiledCodeHeapSize                  = 122909434                              {pd product} {ergonomic}
   size_t OldSize                                  = 70254592                                  {product} {ergonomic}
    uintx ProfiledCodeHeapSize                     = 122909434                              {pd product} {ergonomic}
    uintx ReservedCodeCacheSize                    = 251658240                              {pd product} {ergonomic}
     bool SegmentedCodeCache                       = true                                      {product} {ergonomic}
   size_t SoftMaxHeapSize                          = 2147483648                             {manageable} {ergonomic}
     bool UseCompressedOops                        = true                           {product lp64_product} {ergonomic}
     bool UseLargePagesIndividualAllocation        = false                                  {pd product} {ergonomic}
     bool UseParallelGC                            = true                                      {product} {command line}

Logging:
Log output configuration:
 #0: stdout all=off uptime,level,tags foldmultilines=false
 #1: stderr all=off uptime,level,tags foldmultilines=false

Environment Variables:
JAVA_HOME=C:\Program Files\Eclipse Adoptium\jdk-17.0.16.8-hotspot
PATH=C:\Program Files\Eclipse Adoptium\jdk-17.0.16.8-hotspot\bin;C:\Users\Vanya\AppData\Local\Programs\Python\Python313\Scripts\;C:\Users\Vanya\AppData\Local\Programs\Python\Python313\;C:\Program Files\Microsoft\jdk-21.0.5.11-hotspot\bin;C:\Program Files\Common Files\Oracle\Java\javapath;C:\Program Files\Microsoft MPI\Bin\;C:\Program Files\Java\jdk-21\bin;C:\Program Files (x86)\Common Files\Intel\Shared Libraries\redist\intel64_win\compiler;C:\Python312\Scripts\;C:\Python312\;C:\Windows\system32;C:\Windows;C:\Windows\System32\Wbem;C:\Windows\System32\WindowsPowerShell\v1.0\;C:\Windows\System32\OpenSSH\;C:\Program Files (x86)\NVIDIA Corporation\PhysX\Common;C:\Program Files\Microsoft SQL Server\150\Tools\Binn\;C:\Program Files\Microsoft SQL Server\Client SDK\ODBC\170\Tools\Binn\;C:\Program Files\dotnet\;C:\Program Files\MySQL;C:\Program Files (x86)\MySQL;C:\Program Files\MySQL\MySQL Server 5.7\bin\mysql.exe;C:\Program Files\MySQL\MySQL Server 5.7\bin;C:\ProgramData\chocolatey\bin;C:\Program Files\Azure Data Studio\bin;C:\Program Files (x86)\Microsoft SQL Server\160\DTS\Binn\;C:\Program Files (x86)\Microsoft SQL Server\150\Tools\Binn\;C:\Program Files\Microsoft SQL Server\150\DTS\Binn\;C:\Program Files (x86)\MySQL\MySQL Utilities 1.3.6\;C:\Program Files (x86)\Microsoft SQL Server\160\Tools\Binn\;C:\Program Files\Microsoft SQL Server\160\Tools\Binn\;C:\Program Files\Microsoft SQL Server\160\DTS\Binn\;C:\Program Files\Microsoft SQL Server\130\Tools\Binn\;C:\Program Files\Git\cmd;C:\Program Files\OpenSSL-Win64\bin;C:\Apache24\bin;C:\Program Files\JetBrains\IntelliJ IDEA Community Edition 2023.3.4\plugins\maven\lib\maven3\bin;C:\Java\jdk-21\bin;C:\Program Files\GitHub CLI\;C:\Program Files\NVIDIA Corporation\NVIDIA app\NvDLISR;C:\Program Files\nodejs\;C:\Program Files\apache-maven-3.9.9\bin;C:\apache-tomcat-10.1.40\bin;C:\Program Files\MySQL\MySQL Server 8.3\bin;C:\Program Files\AmneziaWG\;C:\Users\Vanya\develop\flutter\bin;C:\Users\Vanya\AppData\Local\Android\Sdk\platform-tools\adb.exe;C:\Users\Vanya\AppData\Local\Android\Sdk\platform-tools;C:\Users\Vanya\.cargo\bin;C:\Program Files (x86)\Common Files\Intel\Shared Libraries\redist\intel64_win\compiler;C:\Python312\Scripts\;C:\Python312\;C:\Program Files\Common Files\Oracle\Java\javapath;C:\Program Files (x86)\Common Files\Oracle\Java\javapath;C:\Windows\system32;C:\Windows;C:\Windows\System32\Wbem;C:\Windows\System32\WindowsPowerShell\v1.0\;C:\Windows\System32\OpenSSH\;C:\Program Files (x86)\NVIDIA Corporation\PhysX\Common;C:\Program Files\NVIDIA Corporation\NVIDIA NvDLISR;C:\Program Files\Microsoft SQL Server\150\Tools\Binn\;C:\Program Files\Microsoft SQL Server\Client SDK\ODBC\170\Tools\Binn\;C:\Program Files\dotnet\;C:\Program Files\MySQL;C:\Program Files (x86)\MySQL;C:\Program Files\MySQL\MySQL Server 5.7\bin\mysql.exe;C:\Program Files\MySQL\MySQL Server 5.7\bin;C:\Program Files (x86)\nodejs\;C:\ProgramData\chocolatey\bin;C:\Program Files\Git\cmd;C:\Program Files\Azure Data Studio\bin;C:\Program Files (x86)\Microsoft SQL Server\160\DTS\Binn\;C:\Program Files (x86)\Microsoft SQL Server\150\Tools\Binn\;C:\Program Files;C:\Users\Vanya\AppData\Local\Programs\Microsoft VS Code\bin;C:\lab01\apache-maven-3.9.9\bin;C:\Users\Vanya\.dotnet\tools;C:\Users\Vanya\AppData\Roaming\npm;C:\Program Files\JetBrains\IntelliJ IDEA 2025.1\bin;;C:\Users\Vanya\AppData\Local\Programs\cursor\resources\app\bin
USERNAME=Vanya
OS=Windows_NT
PROCESSOR_IDENTIFIER=Intel64 Family 6 Model 151 Stepping 5, GenuineIntel
TMP=C:\Users\Vanya\AppData\Local\Temp
TEMP=C:\Users\Vanya\AppData\Local\Temp




Periodic native trim disabled

---------------  S Y S T E M  ---------------

OS:
 Windows 10 , 64 bit Build 19041 (10.0.19041.5915)
OS uptime: 3 days 20:15 hours

CPU: total 8 (initial active 8) (4 cores per cpu, 2 threads per core) family 6 model 151 stepping 5 microcode 0x2e, cx8, cmov, fxsr, ht, mmx, 3dnowpref, sse, sse2, sse3, ssse3, sse4.1, sse4.2, popcnt, lzcnt, tsc, tscinvbit, avx, avx2, aes, erms, clmul, bmi1, bmi2, adx, sha, fma, vzeroupper, clflush, clflushopt, clwb, serialize, rdtscp, rdpid, fsrm, f16c, pku, cet_ibt, cet_ss
Processor Information for the first 8 processors :
  Max Mhz: 3300, Current Mhz: 3300, Mhz Limit: 3300

Memory: 4k page, system-wide physical 16221M (1326M free)
TotalPageFile size 44751M (AvailPageFile size 92M)
current process WorkingSet (physical memory assigned to process): 64M, peak: 636M
current process commit charge ("private bytes"): 725M, peak: 729M

vm_info: OpenJDK 64-Bit Server VM (21.0.8+9-LTS) for windows-amd64 JRE (21.0.8+9-LTS), built on 2025-07-15T00:00:00Z by "admin" with MS VC++ 17.7 (VS2022)

END.
