#
# There is insufficient memory for the Java Runtime Environment to continue.
# Native memory allocation (mmap) failed to map 266338304 bytes. Error detail: G1 virtual space
# Possible reasons:
#   The system is out of physical RAM or swap space
#   This process is running with CompressedOops enabled, and the Java Heap may be blocking the growth of the native heap
# Possible solutions:
#   Reduce memory load on the system
#   Increase physical memory or swap space
#   Check if swap backing store is full
#   Decrease Java heap size (-Xmx/-Xms)
#   Decrease number of Java threads
#   Decrease Java thread stack sizes (-Xss)
#   Set larger code cache with -XX:ReservedCodeCacheSize=
#   JVM is running with Zero Based Compressed Oops mode in which the Java heap is
#     placed in the first 32GB address space. The Java Heap base address is the
#     maximum limit for the native heap growth. Please use -XX:HeapBaseMinAddress
#     to set the Java Heap base and to place the Java Heap above 32GB virtual address.
# This output file may be truncated or incomplete.
#
#  Out of Memory Error (os_windows.cpp:3618), pid=23748, tid=9048
#
# JRE version:  (17.0.16+8) (build )
# Java VM: OpenJDK 64-Bit Server VM (17.0.16+8, mixed mode, sharing, tiered, compressed oops, compressed class ptrs, g1 gc, windows-amd64)
# No core dump will be written. Minidumps are not enabled by default on client versions of Windows
#

---------------  S U M M A R Y ------------

Command Line: com.google.prefab.cli.AppKt --build-system cmake --platform android --abi arm64-v8a --os-version 24 --stl c++_shared --ndk-version 27 --output C:\\Users\\Vanya\\AppData\\Local\\Temp\\agp-prefab-staging10498805824958050849\\staged-cli-output C:\\Users\\Vanya\\.gradle\\caches\\9.0.0\\transforms\\b44ef172f18f6406a192a9d2aba97255\\transformed\\react-android-0.82.0-release\\prefab C:\\Users\\Vanya\\.gradle\\caches\\9.0.0\\transforms\\8389fd1377c75cdefbb2ecd4e3e47c7b\\transformed\\hermes-android-0.82.0-release\\prefab C:\\Users\\Vanya\\.gradle\\caches\\9.0.0\\transforms\\5fa135f9220cf0ae1e3ee40cd371125b\\transformed\\fbjni-0.7.0\\prefab

Host: 12th Gen Intel(R) Core(TM) i3-12100F, 8 cores, 15G,  Windows 10 , 64 bit Build 19041 (10.0.19041.5915)
Time: Sun Nov  2 12:33:01 2025 RTZ 2 (s 10 , 64 bit Build 19041 (10.0.19041.5915) elapsed time: 0.007471 seconds (0d 0h 0m 0s)

---------------  T H R E A D  ---------------

Current thread (0x0000021b1a8da510):  JavaThread "Unknown thread" [_thread_in_vm, id=9048, stack(0x000000f4aa700000,0x000000f4aa800000)]

Stack: [0x000000f4aa700000,0x000000f4aa800000]
Native frames: (J=compiled Java code, j=interpreted, Vv=VM code, C=native code)
V  [jvm.dll+0x683169]
V  [jvm.dll+0x839ac8]
V  [jvm.dll+0x83b573]
V  [jvm.dll+0x83bbe3]
V  [jvm.dll+0x2473ff]
V  [jvm.dll+0x67ff49]
V  [jvm.dll+0x674e3a]
V  [jvm.dll+0x304ea6]
V  [jvm.dll+0x30c366]
V  [jvm.dll+0x35deee]
V  [jvm.dll+0x35e12d]
V  [jvm.dll+0x2dc26c]
V  [jvm.dll+0x2dd184]
V  [jvm.dll+0x80ba1b]
V  [jvm.dll+0x36b921]
V  [jvm.dll+0x7ea5df]
V  [jvm.dll+0x3f24fe]
V  [jvm.dll+0x3f4031]
C  [jli.dll+0x5278]
C  [ucrtbase.dll+0x21bb2]
C  [KERNEL32.DLL+0x17374]
C  [ntdll.dll+0x4cc91]


---------------  P R O C E S S  ---------------

Threads class SMR info:
_java_thread_list=0x00007ffc53d17f58, length=0, elements={
}

Java Threads: ( => current thread )

Other Threads:
  0x0000021b1a944720 GCTaskThread "GC Thread#0" [stack: 0x000000f4aa800000,0x000000f4aa900000] [id=20172]
  0x0000021b1a955300 ConcurrentGCThread "G1 Main Marker" [stack: 0x000000f4aa900000,0x000000f4aaa00000] [id=13212]
  0x0000021b1a9563d0 ConcurrentGCThread "G1 Conc#0" [stack: 0x000000f4aaa00000,0x000000f4aab00000] [id=17160]

[error occurred during error reporting (printing all threads), id 0xc0000005, EXCEPTION_ACCESS_VIOLATION (0xc0000005) at pc=0x00007ffc534ccd97]

VM state: not at safepoint (not fully initialized)

VM Mutex/Monitor currently owned by a thread:  ([mutex/lock_event])
[0x0000021b1a8d5350] Heap_lock - owner thread: 0x0000021b1a8da510

Heap address: 0x0000000702800000, size: 4056 MB, Compressed Oops mode: Zero based, Oop shift amount: 3

CDS archive(s) mapped at: [0x0000000000000000-0x0000000000000000-0x0000000000000000), size 0, SharedBaseAddress: 0x0000000800000000, ArchiveRelocationMode: 1.
Narrow klass base: 0x0000000000000000, Narrow klass shift: 0, Narrow klass range: 0x0

GC Precious Log:
<Empty>

Heap:
 garbage-first heap   total 0K, used 0K [0x0000000702800000, 0x0000000800000000)
  region size 2048K, 0 young (0K), 0 survivors (0K)

[error occurred during error reporting (printing heap information), id 0xc0000005, EXCEPTION_ACCESS_VIOLATION (0xc0000005) at pc=0x00007ffc538bc869]

GC Heap History (0 events):
No events

Dll operation events (1 events):
Event: 0.003 Loaded shared library C:\Program Files\Eclipse Adoptium\jdk-17.0.16.8-hotspot\bin\java.dll

Deoptimization events (0 events):
No events

Classes loaded (0 events):
No events

Classes unloaded (0 events):
No events

Classes redefined (0 events):
No events

Internal exceptions (0 events):
No events

VM Operations (0 events):
No events

Memory protections (0 events):
No events

Nmethod flushes (0 events):
No events

Events (0 events):
No events


Dynamic libraries:
0x00007ff67bb60000 - 0x00007ff67bb6e000 	C:\Program Files\Eclipse Adoptium\jdk-17.0.16.8-hotspot\bin\java.exe
0x00007ffcb5a90000 - 0x00007ffcb5c88000 	C:\Windows\SYSTEM32\ntdll.dll
0x00007ffcb3b40000 - 0x00007ffcb3c02000 	C:\Windows\System32\KERNEL32.DLL
0x00007ffcb34d0000 - 0x00007ffcb37c6000 	C:\Windows\System32\KERNELBASE.dll
0x00007ffcb3980000 - 0x00007ffcb3a80000 	C:\Windows\System32\ucrtbase.dll
0x00007ffcb04b0000 - 0x00007ffcb04ce000 	C:\Program Files\Eclipse Adoptium\jdk-17.0.16.8-hotspot\bin\VCRUNTIME140.dll
0x00007ffcae440000 - 0x00007ffcae457000 	C:\Program Files\Eclipse Adoptium\jdk-17.0.16.8-hotspot\bin\jli.dll
0x00007ffcb4f50000 - 0x00007ffcb50f1000 	C:\Windows\System32\USER32.dll
0x00007ffca43c0000 - 0x00007ffca465b000 	C:\Windows\WinSxS\amd64_microsoft.windows.common-controls_6595b64144ccf1df_6.0.19041.6456_none_60b8a6cb71f64256\COMCTL32.dll
0x00007ffcb3950000 - 0x00007ffcb3972000 	C:\Windows\System32\win32u.dll
0x00007ffcb5570000 - 0x00007ffcb560e000 	C:\Windows\System32\msvcrt.dll
0x00007ffcb56b0000 - 0x00007ffcb56db000 	C:\Windows\System32\GDI32.dll
0x00007ffcb3200000 - 0x00007ffcb3319000 	C:\Windows\System32\gdi32full.dll
0x00007ffcb37d0000 - 0x00007ffcb386d000 	C:\Windows\System32\msvcp_win.dll
0x00007ffcb5610000 - 0x00007ffcb563f000 	C:\Windows\System32\IMM32.DLL
0x00007ffca3d20000 - 0x00007ffca3d2c000 	C:\Program Files\Eclipse Adoptium\jdk-17.0.16.8-hotspot\bin\vcruntime140_1.dll
0x00007ffc82d40000 - 0x00007ffc82dcd000 	C:\Program Files\Eclipse Adoptium\jdk-17.0.16.8-hotspot\bin\msvcp140.dll
0x00007ffc531e0000 - 0x00007ffc53e4b000 	C:\Program Files\Eclipse Adoptium\jdk-17.0.16.8-hotspot\bin\server\jvm.dll
0x00007ffcb56e0000 - 0x00007ffcb5791000 	C:\Windows\System32\ADVAPI32.dll
0x00007ffcb3aa0000 - 0x00007ffcb3b3f000 	C:\Windows\System32\sechost.dll
0x00007ffcb3d70000 - 0x00007ffcb3e90000 	C:\Windows\System32\RPCRT4.dll
0x00007ffcb3870000 - 0x00007ffcb3897000 	C:\Windows\System32\bcrypt.dll
0x00007ffcb3e90000 - 0x00007ffcb3efb000 	C:\Windows\System32\WS2_32.dll
0x00007ffcb2630000 - 0x00007ffcb267b000 	C:\Windows\SYSTEM32\POWRPROF.dll
0x00007ffcabbf0000 - 0x00007ffcabc17000 	C:\Windows\SYSTEM32\WINMM.dll
0x00007ffcad740000 - 0x00007ffcad74a000 	C:\Windows\SYSTEM32\VERSION.dll
0x00007ffcb24f0000 - 0x00007ffcb2502000 	C:\Windows\SYSTEM32\UMPDC.dll
0x00007ffcb0f80000 - 0x00007ffcb0f92000 	C:\Windows\SYSTEM32\kernel.appcore.dll
0x00007ffca06c0000 - 0x00007ffca06ca000 	C:\Program Files\Eclipse Adoptium\jdk-17.0.16.8-hotspot\bin\jimage.dll
0x00007ffca99f0000 - 0x00007ffca9bf1000 	C:\Windows\SYSTEM32\DBGHELP.DLL
0x00007ffc9ea10000 - 0x00007ffc9ea44000 	C:\Windows\SYSTEM32\dbgcore.DLL
0x00007ffcb3170000 - 0x00007ffcb31f2000 	C:\Windows\System32\bcryptPrimitives.dll
0x00007ffc7f1d0000 - 0x00007ffc7f1f5000 	C:\Program Files\Eclipse Adoptium\jdk-17.0.16.8-hotspot\bin\java.dll

dbghelp: loaded successfully - version: 4.0.5 - missing functions: none
symbol engine: initialized successfully - sym options: 0x614 - pdb path: .;C:\Program Files\Eclipse Adoptium\jdk-17.0.16.8-hotspot\bin;C:\Windows\SYSTEM32;C:\Windows\WinSxS\amd64_microsoft.windows.common-controls_6595b64144ccf1df_6.0.19041.6456_none_60b8a6cb71f64256;C:\Program Files\Eclipse Adoptium\jdk-17.0.16.8-hotspot\bin\server

VM Arguments:
java_command: com.google.prefab.cli.AppKt --build-system cmake --platform android --abi arm64-v8a --os-version 24 --stl c++_shared --ndk-version 27 --output C:\\Users\\Vanya\\AppData\\Local\\Temp\\agp-prefab-staging10498805824958050849\\staged-cli-output C:\\Users\\Vanya\\.gradle\\caches\\9.0.0\\transforms\\b44ef172f18f6406a192a9d2aba97255\\transformed\\react-android-0.82.0-release\\prefab C:\\Users\\Vanya\\.gradle\\caches\\9.0.0\\transforms\\8389fd1377c75cdefbb2ecd4e3e47c7b\\transformed\\hermes-android-0.82.0-release\\prefab C:\\Users\\Vanya\\.gradle\\caches\\9.0.0\\transforms\\5fa135f9220cf0ae1e3ee40cd371125b\\transformed\\fbjni-0.7.0\\prefab
java_class_path (initial): C:\\Users\\Vanya\\.gradle\\caches\\modules-2\\files-2.1\\com.google.prefab\\cli\\2.1.0\\aa32fec809c44fa531f01dcfb739b5b3304d3050\\cli-2.1.0-all.jar
Launcher Type: SUN_STANDARD

[Global flags]
     intx CICompilerCount                          = 4                                         {product} {ergonomic}
     uint ConcGCThreads                            = 2                                         {product} {ergonomic}
     uint G1ConcRefinementThreads                  = 8                                         {product} {ergonomic}
   size_t G1HeapRegionSize                         = 2097152                                   {product} {ergonomic}
    uintx GCDrainStackTargetSize                   = 64                                        {product} {ergonomic}
   size_t InitialHeapSize                          = 266338304                                 {product} {ergonomic}
   size_t MarkStackSize                            = 4194304                                   {product} {ergonomic}
   size_t MaxHeapSize                              = 4253024256                                {product} {ergonomic}
   size_t MinHeapDeltaBytes                        = 2097152                                   {product} {ergonomic}
   size_t MinHeapSize                              = 8388608                                   {product} {ergonomic}
    uintx NonNMethodCodeHeapSize                   = 5839372                                {pd product} {ergonomic}
    uintx NonProfiledCodeHeapSize                  = 122909434                              {pd product} {ergonomic}
    uintx ProfiledCodeHeapSize                     = 122909434                              {pd product} {ergonomic}
    uintx ReservedCodeCacheSize                    = 251658240                              {pd product} {ergonomic}
     bool SegmentedCodeCache                       = true                                      {product} {ergonomic}
   size_t SoftMaxHeapSize                          = 4253024256                             {manageable} {ergonomic}
     bool UseCompressedClassPointers               = true                           {product lp64_product} {ergonomic}
     bool UseCompressedOops                        = true                           {product lp64_product} {ergonomic}
     bool UseG1GC                                  = true                                      {product} {ergonomic}
     bool UseLargePagesIndividualAllocation        = false                                  {pd product} {ergonomic}

Logging:
Log output configuration:
 #0: stdout all=warning uptime,level,tags
 #1: stderr all=off uptime,level,tags

Environment Variables:
JAVA_HOME=C:\Program Files\Eclipse Adoptium\jdk-17.0.16.8-hotspot
PATH=C:\Program Files\Eclipse Adoptium\jdk-17.0.16.8-hotspot\bin;C:\Users\Vanya\AppData\Local\Programs\Python\Python313\Scripts\;C:\Users\Vanya\AppData\Local\Programs\Python\Python313\;C:\Program Files\Microsoft\jdk-21.0.5.11-hotspot\bin;C:\Program Files\Common Files\Oracle\Java\javapath;C:\Program Files\Microsoft MPI\Bin\;C:\Program Files\Java\jdk-21\bin;C:\Program Files (x86)\Common Files\Intel\Shared Libraries\redist\intel64_win\compiler;C:\Python312\Scripts\;C:\Python312\;C:\Windows\system32;C:\Windows;C:\Windows\System32\Wbem;C:\Windows\System32\WindowsPowerShell\v1.0\;C:\Windows\System32\OpenSSH\;C:\Program Files (x86)\NVIDIA Corporation\PhysX\Common;C:\Program Files\Microsoft SQL Server\150\Tools\Binn\;C:\Program Files\Microsoft SQL Server\Client SDK\ODBC\170\Tools\Binn\;C:\Program Files\dotnet\;C:\Program Files\MySQL;C:\Program Files (x86)\MySQL;C:\Program Files\MySQL\MySQL Server 5.7\bin\mysql.exe;C:\Program Files\MySQL\MySQL Server 5.7\bin;C:\ProgramData\chocolatey\bin;C:\Program Files\Azure Data Studio\bin;C:\Program Files (x86)\Microsoft SQL Server\160\DTS\Binn\;C:\Program Files (x86)\Microsoft SQL Server\150\Tools\Binn\;C:\Program Files\Microsoft SQL Server\150\DTS\Binn\;C:\Program Files (x86)\MySQL\MySQL Utilities 1.3.6\;C:\Program Files (x86)\Microsoft SQL Server\160\Tools\Binn\;C:\Program Files\Microsoft SQL Server\160\Tools\Binn\;C:\Program Files\Microsoft SQL Server\160\DTS\Binn\;C:\Program Files\Microsoft SQL Server\130\Tools\Binn\;C:\Program Files\Git\cmd;C:\Program Files\OpenSSL-Win64\bin;C:\Apache24\bin;C:\Program Files\JetBrains\IntelliJ IDEA Community Edition 2023.3.4\plugins\maven\lib\maven3\bin;C:\Java\jdk-21\bin;C:\Program Files\GitHub CLI\;C:\Program Files\NVIDIA Corporation\NVIDIA app\NvDLISR;C:\Program Files\nodejs\;C:\Program Files\apache-maven-3.9.9\bin;C:\apache-tomcat-10.1.40\bin;C:\Program Files\MySQL\MySQL Server 8.3\bin;C:\Program Files\AmneziaWG\;C:\Users\Vanya\develop\flutter\bin;C:\Users\Vanya\AppData\Local\Android\Sdk\platform-tools\adb.exe;C:\Users\Vanya\AppData\Local\Android\Sdk\platform-tools;C:\Users\Vanya\.cargo\bin;C:\Program Files (x86)\Common Files\Intel\Shared Libraries\redist\intel64_win\compiler;C:\Python312\Scripts\;C:\Python312\;C:\Program Files\Common Files\Oracle\Java\javapath;C:\Program Files (x86)\Common Files\Oracle\Java\javapath;C:\Windows\system32;C:\Windows;C:\Windows\System32\Wbem;C:\Windows\System32\WindowsPowerShell\v1.0\;C:\Windows\System32\OpenSSH\;C:\Program Files (x86)\NVIDIA Corporation\PhysX\Common;C:\Program Files\NVIDIA Corporation\NVIDIA NvDLISR;C:\Program Files\Microsoft SQL Server\150\Tools\Binn\;C:\Program Files\Microsoft SQL Server\Client SDK\ODBC\170\Tools\Binn\;C:\Program Files\dotnet\;C:\Program Files\MySQL;C:\Program Files (x86)\MySQL;C:\Program Files\MySQL\MySQL Server 5.7\bin\mysql.exe;C:\Program Files\MySQL\MySQL Server 5.7\bin;C:\Program Files (x86)\nodejs\;C:\ProgramData\chocolatey\bin;C:\Program Files\Git\cmd;C:\Program Files\Azure Data Studio\bin;C:\Program Files (x86)\Microsoft SQL Server\160\DTS\Binn\;C:\Program Files (x86)\Microsoft SQL Server\150\Tools\Binn\;C:\Program Files;C:\Users\Vanya\AppData\Local\Programs\Microsoft VS Code\bin;C:\lab01\apache-maven-3.9.9\bin;C:\Users\Vanya\.dotnet\tools;C:\Users\Vanya\AppData\Roaming\npm;C:\Program Files\JetBrains\IntelliJ IDEA 2025.1\bin;;C:\Users\Vanya\AppData\Local\Programs\cursor\resources\app\bin
USERNAME=Vanya
TERM=dumb
OS=Windows_NT
PROCESSOR_IDENTIFIER=Intel64 Family 6 Model 151 Stepping 5, GenuineIntel
TMP=C:\Users\Vanya\AppData\Local\Temp
TEMP=C:\Users\Vanya\AppData\Local\Temp



Periodic native trim disabled


---------------  S Y S T E M  ---------------

OS:
 Windows 10 , 64 bit Build 19041 (10.0.19041.5915)
OS uptime: 0 days 15:29 hours

CPU: total 8 (initial active 8) (4 cores per cpu, 2 threads per core) family 6 model 151 stepping 5 microcode 0x2e, cx8, cmov, fxsr, ht, mmx, 3dnowpref, sse, sse2, sse3, ssse3, sse4.1, sse4.2, popcnt, lzcnt, tsc, tscinvbit, avx, avx2, aes, erms, clmul, bmi1, bmi2, adx, sha, fma, vzeroupper, clflush, clflushopt, clwb
Processor Information for all 8 processors :
  Max Mhz: 3300, Current Mhz: 3300, Mhz Limit: 3300

Memory: 4k page, system-wide physical 16221M (632M free)
TotalPageFile size 44751M (AvailPageFile size 18M)
current process WorkingSet (physical memory assigned to process): 10M, peak: 10M
current process commit charge ("private bytes"): 60M, peak: 314M

vm_info: OpenJDK 64-Bit Server VM (17.0.16+8) for windows-amd64 JRE (17.0.16+8), built on Jul 16 2025 10:37:56 by "admin" with MS VC++ 17.7 (VS2022)

END.
